--------------- Build Started: 01/12/2022 15:18:25 Project: Design02, Configuration: ARM GCC 5.4-2016-q2-update Debug ---------------
The code generation step is up to date.
arm-none-eabi-gcc.exe -mcpu=cortex-m0 -mthumb -I. -IGenerated_Source\PSoC4 -Wa,-alh=.\CortexM0\ARM_GCC_541\Debug/main.lst -g -D DEBUG -D CY_CORE_ID=0 -Wall -ffunction-sections -ffat-lto-objects -Og -c main.c -o .\CortexM0\ARM_GCC_541\Debug\main.o
main.c: In function 'main':
main.c:162:9: warning: unused variable 'direction_backward' [-Wunused-variable]
     int direction_backward[] = {1, 1, 1, 1};
         ^
main.c:161:9: warning: unused variable 'direction_forward' [-Wunused-variable]
     int direction_forward[] = {0, 0, 0, 0};
         ^
main.c:160:9: warning: unused variable 'speed' [-Wunused-variable]
     int speed[] = {20, 20, 20, 20};
         ^
arm-none-eabi-ar.exe -rs .\CortexM0\ARM_GCC_541\Debug\Design02.a .\CortexM0\ARM_GCC_541\Debug\CyFlash.o .\CortexM0\ARM_GCC_541\Debug\CyLib.o .\CortexM0\ARM_GCC_541\Debug\cyPm.o .\CortexM0\ARM_GCC_541\Debug\cyutils.o .\CortexM0\ARM_GCC_541\Debug\CyDMA.o .\CortexM0\ARM_GCC_541\Debug\CyLFClk.o .\CortexM0\ARM_GCC_541\Debug\cy_em_eeprom.o .\CortexM0\ARM_GCC_541\Debug\PWM_1.o .\CortexM0\ARM_GCC_541\Debug\PWM_1_PM.o .\CortexM0\ARM_GCC_541\Debug\Clock_1.o .\CortexM0\ARM_GCC_541\Debug\PWM_2.o .\CortexM0\ARM_GCC_541\Debug\PWM_2_PM.o .\CortexM0\ARM_GCC_541\Debug\Clock_2.o .\CortexM0\ARM_GCC_541\Debug\PWM_3.o .\CortexM0\ARM_GCC_541\Debug\PWM_3_PM.o .\CortexM0\ARM_GCC_541\Debug\Clock_3.o .\CortexM0\ARM_GCC_541\Debug\PWM_4.o .\CortexM0\ARM_GCC_541\Debug\PWM_4_PM.o .\CortexM0\ARM_GCC_541\Debug\Clock_4.o .\CortexM0\ARM_GCC_541\Debug\Pin_pair01.o .\CortexM0\ARM_GCC_541\Debug\Pin_pair01_PM.o .\CortexM0\ARM_GCC_541\Debug\Pin_PairLine1.o .\CortexM0\ARM_GCC_541\Debug\Pin_PairLine1_PM.o .\CortexM0\ARM_GCC_541\Debug\Pin_pair02.o .\CortexM0\ARM_GCC_541\Debug\Pin_pair02_PM.o .\CortexM0\ARM_GCC_541\Debug\Pin_PairLine2.o .\CortexM0\ARM_GCC_541\Debug\Pin_PairLine2_PM.o .\CortexM0\ARM_GCC_541\Debug\Pin_PairLine3.o .\CortexM0\ARM_GCC_541\Debug\Pin_PairLine3_PM.o .\CortexM0\ARM_GCC_541\Debug\Pin_pair03.o .\CortexM0\ARM_GCC_541\Debug\Pin_pair03_PM.o .\CortexM0\ARM_GCC_541\Debug\Pin_pair04.o .\CortexM0\ARM_GCC_541\Debug\Pin_pair04_PM.o .\CortexM0\ARM_GCC_541\Debug\Pin_PairLine4.o .\CortexM0\ARM_GCC_541\Debug\Pin_PairLine4_PM.o .\CortexM0\ARM_GCC_541\Debug\Pin_SW2.o .\CortexM0\ARM_GCC_541\Debug\Pin_SW2_PM.o .\CortexM0\ARM_GCC_541\Debug\Pin_RED.o .\CortexM0\ARM_GCC_541\Debug\Pin_RED_PM.o .\CortexM0\ARM_GCC_541\Debug\Pin_SW2_int.o .\CortexM0\ARM_GCC_541\Debug\CyBootAsmGnu.o
arm-none-eabi-ar.exe: creating .\CortexM0\ARM_GCC_541\Debug\Design02.a
arm-none-eabi-gcc.exe -Wl,--start-group -o C:\Users\Bogdan\Documents\poc_roboarm_project\second_part\Design02.cydsn\CortexM0\ARM_GCC_541\Debug\Design02.elf .\CortexM0\ARM_GCC_541\Debug\main.o .\CortexM0\ARM_GCC_541\Debug\cyfitter_cfg.o .\CortexM0\ARM_GCC_541\Debug\cymetadata.o .\CortexM0\ARM_GCC_541\Debug\Cm0Start.o .\CortexM0\ARM_GCC_541\Debug\Design02.a -mcpu=cortex-m0 -mthumb -L Generated_Source\PSoC4 -Wl,-Map,.\CortexM0\ARM_GCC_541\Debug/Design02.map -T Generated_Source\PSoC4\cm0gcc.ld -specs=nano.specs -Wl,--gc-sections -g -ffunction-sections -Og -ffat-lto-objects -Wl,--end-group
cyelftool.exe -C C:\Users\Bogdan\Documents\poc_roboarm_project\second_part\Design02.cydsn\CortexM0\ARM_GCC_541\Debug\Design02.elf --flash_row_size 256 --flash_size 262144 --flash_offset 0x00000000
No ELF section .cychecksum found, creating one
Application checksum calculated and stored in ELF section .cychecksum
Checksum calculated and stored in ELF section .cymeta
cyelftool.exe -S C:\Users\Bogdan\Documents\poc_roboarm_project\second_part\Design02.cydsn\CortexM0\ARM_GCC_541\Debug\Design02.elf
Flash used: 4240 of 262144 bytes (1,6 %).
SRAM used: 2576 of 32768 bytes (7,9 %). Stack: 2048 bytes. Heap: 128 bytes.
--------------- Build Succeeded: 01/12/2022 15:18:28 ---------------
