ARM GAS  C:\Users\ivddo\AppData\Local\Temp\ccQuMc49.s 			page 1


   1              		.syntax unified
   2              		.cpu cortex-m0
   3              		.fpu softvfp
   4              		.eabi_attribute 20, 1
   5              		.eabi_attribute 21, 1
   6              		.eabi_attribute 23, 3
   7              		.eabi_attribute 24, 1
   8              		.eabi_attribute 25, 1
   9              		.eabi_attribute 26, 1
  10              		.eabi_attribute 30, 1
  11              		.eabi_attribute 34, 0
  12              		.eabi_attribute 18, 4
  13              		.thumb
  14              		.syntax unified
  15              		.file	"cyfitter_cfg.c"
  16              		.text
  17              	.Ltext0:
  18              		.cfi_sections	.debug_frame
  19              		.section	.text.CYMEMZERO,"ax",%progbits
  20              		.align	2
  21              		.code	16
  22              		.thumb_func
  23              		.type	CYMEMZERO, %function
  24              	CYMEMZERO:
  25              	.LFB0:
  26              		.file 1 "Generated_Source\\PSoC4\\cyfitter_cfg.c"
   1:Generated_Source\PSoC4/cyfitter_cfg.c **** 
   2:Generated_Source\PSoC4/cyfitter_cfg.c **** /*******************************************************************************
   3:Generated_Source\PSoC4/cyfitter_cfg.c **** * File Name: cyfitter_cfg.c
   4:Generated_Source\PSoC4/cyfitter_cfg.c **** * 
   5:Generated_Source\PSoC4/cyfitter_cfg.c **** * PSoC Creator  4.4
   6:Generated_Source\PSoC4/cyfitter_cfg.c **** *
   7:Generated_Source\PSoC4/cyfitter_cfg.c **** * Description:
   8:Generated_Source\PSoC4/cyfitter_cfg.c **** * This file contains device initialization code.
   9:Generated_Source\PSoC4/cyfitter_cfg.c **** * Except for the user defined sections in CyClockStartupError(), this file should not be modified.
  10:Generated_Source\PSoC4/cyfitter_cfg.c **** * This file is automatically generated by PSoC Creator.
  11:Generated_Source\PSoC4/cyfitter_cfg.c **** *
  12:Generated_Source\PSoC4/cyfitter_cfg.c **** ********************************************************************************
  13:Generated_Source\PSoC4/cyfitter_cfg.c **** * Copyright (c) 2007-2020 Cypress Semiconductor.  All rights reserved.
  14:Generated_Source\PSoC4/cyfitter_cfg.c **** * You may use this file only in accordance with the license, terms, conditions, 
  15:Generated_Source\PSoC4/cyfitter_cfg.c **** * disclaimers, and limitations in the end user license agreement accompanying 
  16:Generated_Source\PSoC4/cyfitter_cfg.c **** * the software package with which this file was provided.
  17:Generated_Source\PSoC4/cyfitter_cfg.c **** ********************************************************************************/
  18:Generated_Source\PSoC4/cyfitter_cfg.c **** 
  19:Generated_Source\PSoC4/cyfitter_cfg.c **** #include <string.h>
  20:Generated_Source\PSoC4/cyfitter_cfg.c **** #include "cytypes.h"
  21:Generated_Source\PSoC4/cyfitter_cfg.c **** #include "cydevice_trm.h"
  22:Generated_Source\PSoC4/cyfitter_cfg.c **** #include "cyfitter.h"
  23:Generated_Source\PSoC4/cyfitter_cfg.c **** #include "CyLib.h"
  24:Generated_Source\PSoC4/cyfitter_cfg.c **** #include "CyLFClk.h"
  25:Generated_Source\PSoC4/cyfitter_cfg.c **** #include "cyfitter_cfg.h"
  26:Generated_Source\PSoC4/cyfitter_cfg.c **** #include "cyapicallbacks.h"
  27:Generated_Source\PSoC4/cyfitter_cfg.c **** 
  28:Generated_Source\PSoC4/cyfitter_cfg.c **** 
  29:Generated_Source\PSoC4/cyfitter_cfg.c **** #if defined(__GNUC__) || defined(__ARMCC_VERSION)
  30:Generated_Source\PSoC4/cyfitter_cfg.c ****     #define CYPACKED 
  31:Generated_Source\PSoC4/cyfitter_cfg.c ****     #define CYPACKED_ATTR __attribute__ ((packed))
ARM GAS  C:\Users\ivddo\AppData\Local\Temp\ccQuMc49.s 			page 2


  32:Generated_Source\PSoC4/cyfitter_cfg.c ****     #define CYALIGNED __attribute__ ((aligned))
  33:Generated_Source\PSoC4/cyfitter_cfg.c ****     #define CY_CFG_UNUSED __attribute__ ((unused))
  34:Generated_Source\PSoC4/cyfitter_cfg.c ****     #ifndef CY_CFG_SECTION
  35:Generated_Source\PSoC4/cyfitter_cfg.c ****         #define CY_CFG_SECTION __attribute__ ((section(".psocinit")))
  36:Generated_Source\PSoC4/cyfitter_cfg.c ****     #endif
  37:Generated_Source\PSoC4/cyfitter_cfg.c ****     
  38:Generated_Source\PSoC4/cyfitter_cfg.c ****     #if defined(__ARMCC_VERSION)
  39:Generated_Source\PSoC4/cyfitter_cfg.c ****         #define CY_CFG_MEMORY_BARRIER() __memory_changed()
  40:Generated_Source\PSoC4/cyfitter_cfg.c ****     #else
  41:Generated_Source\PSoC4/cyfitter_cfg.c ****         #define CY_CFG_MEMORY_BARRIER() __sync_synchronize()
  42:Generated_Source\PSoC4/cyfitter_cfg.c ****     #endif
  43:Generated_Source\PSoC4/cyfitter_cfg.c ****     
  44:Generated_Source\PSoC4/cyfitter_cfg.c **** #elif defined(__ICCARM__)
  45:Generated_Source\PSoC4/cyfitter_cfg.c ****     #include <intrinsics.h>
  46:Generated_Source\PSoC4/cyfitter_cfg.c **** 
  47:Generated_Source\PSoC4/cyfitter_cfg.c ****     #define CYPACKED __packed
  48:Generated_Source\PSoC4/cyfitter_cfg.c ****     #define CYPACKED_ATTR 
  49:Generated_Source\PSoC4/cyfitter_cfg.c ****     #define CYALIGNED _Pragma("data_alignment=4")
  50:Generated_Source\PSoC4/cyfitter_cfg.c ****     #define CY_CFG_UNUSED _Pragma("diag_suppress=Pe177")
  51:Generated_Source\PSoC4/cyfitter_cfg.c ****     #define CY_CFG_SECTION _Pragma("location=\".psocinit\"")
  52:Generated_Source\PSoC4/cyfitter_cfg.c ****     
  53:Generated_Source\PSoC4/cyfitter_cfg.c ****     #define CY_CFG_MEMORY_BARRIER() __DMB()
  54:Generated_Source\PSoC4/cyfitter_cfg.c ****     
  55:Generated_Source\PSoC4/cyfitter_cfg.c **** #else
  56:Generated_Source\PSoC4/cyfitter_cfg.c ****     #error Unsupported toolchain
  57:Generated_Source\PSoC4/cyfitter_cfg.c **** #endif
  58:Generated_Source\PSoC4/cyfitter_cfg.c **** 
  59:Generated_Source\PSoC4/cyfitter_cfg.c **** #ifndef CYCODE
  60:Generated_Source\PSoC4/cyfitter_cfg.c ****     #define CYCODE
  61:Generated_Source\PSoC4/cyfitter_cfg.c **** #endif
  62:Generated_Source\PSoC4/cyfitter_cfg.c **** #ifndef CYDATA
  63:Generated_Source\PSoC4/cyfitter_cfg.c ****     #define CYDATA
  64:Generated_Source\PSoC4/cyfitter_cfg.c **** #endif
  65:Generated_Source\PSoC4/cyfitter_cfg.c **** #ifndef CYFAR
  66:Generated_Source\PSoC4/cyfitter_cfg.c ****     #define CYFAR
  67:Generated_Source\PSoC4/cyfitter_cfg.c **** #endif
  68:Generated_Source\PSoC4/cyfitter_cfg.c **** #ifndef CYXDATA
  69:Generated_Source\PSoC4/cyfitter_cfg.c ****     #define CYXDATA
  70:Generated_Source\PSoC4/cyfitter_cfg.c **** #endif
  71:Generated_Source\PSoC4/cyfitter_cfg.c **** 
  72:Generated_Source\PSoC4/cyfitter_cfg.c **** 
  73:Generated_Source\PSoC4/cyfitter_cfg.c **** CY_CFG_UNUSED
  74:Generated_Source\PSoC4/cyfitter_cfg.c **** static void CYMEMZERO(void *s, size_t n);
  75:Generated_Source\PSoC4/cyfitter_cfg.c **** CY_CFG_UNUSED
  76:Generated_Source\PSoC4/cyfitter_cfg.c **** static void CYMEMZERO(void *s, size_t n)
  77:Generated_Source\PSoC4/cyfitter_cfg.c **** {
  27              		.loc 1 77 0
  28              		.cfi_startproc
  29              		@ args = 0, pretend = 0, frame = 0
  30              		@ frame_needed = 0, uses_anonymous_args = 0
  31              	.LVL0:
  32 0000 10B5     		push	{r4, lr}
  33              		.cfi_def_cfa_offset 8
  34              		.cfi_offset 4, -8
  35              		.cfi_offset 14, -4
  36 0002 0A00     		movs	r2, r1
  78:Generated_Source\PSoC4/cyfitter_cfg.c **** 	(void)memset(s, 0, n);
ARM GAS  C:\Users\ivddo\AppData\Local\Temp\ccQuMc49.s 			page 3


  37              		.loc 1 78 0
  38 0004 0021     		movs	r1, #0
  39              	.LVL1:
  40 0006 FFF7FEFF 		bl	memset
  41              	.LVL2:
  79:Generated_Source\PSoC4/cyfitter_cfg.c **** }
  42              		.loc 1 79 0
  43              		@ sp needed
  44 000a 10BD     		pop	{r4, pc}
  45              		.cfi_endproc
  46              	.LFE0:
  47              		.size	CYMEMZERO, .-CYMEMZERO
  48              		.section	.psocinit,"ax",%progbits
  49              		.align	2
  50              		.code	16
  51              		.thumb_func
  52              		.type	ClockSetup, %function
  53              	ClockSetup:
  54              	.LFB3:
  80:Generated_Source\PSoC4/cyfitter_cfg.c **** CY_CFG_UNUSED
  81:Generated_Source\PSoC4/cyfitter_cfg.c **** static void CYCONFIGCPY(void *dest, const void *src, size_t n);
  82:Generated_Source\PSoC4/cyfitter_cfg.c **** CY_CFG_UNUSED
  83:Generated_Source\PSoC4/cyfitter_cfg.c **** static void CYCONFIGCPY(void *dest, const void *src, size_t n)
  84:Generated_Source\PSoC4/cyfitter_cfg.c **** {
  85:Generated_Source\PSoC4/cyfitter_cfg.c **** 	(void)memcpy(dest, src, n);
  86:Generated_Source\PSoC4/cyfitter_cfg.c **** }
  87:Generated_Source\PSoC4/cyfitter_cfg.c **** CY_CFG_UNUSED
  88:Generated_Source\PSoC4/cyfitter_cfg.c **** static void CYCONFIGCPYCODE(void *dest, const void *src, size_t n);
  89:Generated_Source\PSoC4/cyfitter_cfg.c **** CY_CFG_UNUSED
  90:Generated_Source\PSoC4/cyfitter_cfg.c **** static void CYCONFIGCPYCODE(void *dest, const void *src, size_t n)
  91:Generated_Source\PSoC4/cyfitter_cfg.c **** {
  92:Generated_Source\PSoC4/cyfitter_cfg.c **** 	(void)memcpy(dest, src, n);
  93:Generated_Source\PSoC4/cyfitter_cfg.c **** }
  94:Generated_Source\PSoC4/cyfitter_cfg.c **** 
  95:Generated_Source\PSoC4/cyfitter_cfg.c **** 
  96:Generated_Source\PSoC4/cyfitter_cfg.c **** 
  97:Generated_Source\PSoC4/cyfitter_cfg.c **** 
  98:Generated_Source\PSoC4/cyfitter_cfg.c **** /* Clock startup error codes                                                   */
  99:Generated_Source\PSoC4/cyfitter_cfg.c **** #define CYCLOCKSTART_NO_ERROR    0u
 100:Generated_Source\PSoC4/cyfitter_cfg.c **** #define CYCLOCKSTART_XTAL_ERROR  1u
 101:Generated_Source\PSoC4/cyfitter_cfg.c **** #define CYCLOCKSTART_32KHZ_ERROR 2u
 102:Generated_Source\PSoC4/cyfitter_cfg.c **** #define CYCLOCKSTART_PLL_ERROR   3u
 103:Generated_Source\PSoC4/cyfitter_cfg.c **** #define CYCLOCKSTART_FLL_ERROR   4u
 104:Generated_Source\PSoC4/cyfitter_cfg.c **** #define CYCLOCKSTART_WCO_ERROR   5u
 105:Generated_Source\PSoC4/cyfitter_cfg.c **** 
 106:Generated_Source\PSoC4/cyfitter_cfg.c **** 
 107:Generated_Source\PSoC4/cyfitter_cfg.c **** #ifdef CY_NEED_CYCLOCKSTARTUPERROR
 108:Generated_Source\PSoC4/cyfitter_cfg.c **** /*******************************************************************************
 109:Generated_Source\PSoC4/cyfitter_cfg.c **** * Function Name: CyClockStartupError
 110:Generated_Source\PSoC4/cyfitter_cfg.c **** ********************************************************************************
 111:Generated_Source\PSoC4/cyfitter_cfg.c **** * Summary:
 112:Generated_Source\PSoC4/cyfitter_cfg.c **** *  If an error is encountered during clock configuration (crystal startup error,
 113:Generated_Source\PSoC4/cyfitter_cfg.c **** *  PLL lock error, etc.), the system will end up here.  Unless reimplemented by
 114:Generated_Source\PSoC4/cyfitter_cfg.c **** *  the customer, this function will stop in an infinite loop.
 115:Generated_Source\PSoC4/cyfitter_cfg.c **** *
 116:Generated_Source\PSoC4/cyfitter_cfg.c **** * Parameters:
 117:Generated_Source\PSoC4/cyfitter_cfg.c **** *   void
ARM GAS  C:\Users\ivddo\AppData\Local\Temp\ccQuMc49.s 			page 4


 118:Generated_Source\PSoC4/cyfitter_cfg.c **** *
 119:Generated_Source\PSoC4/cyfitter_cfg.c **** * Return:
 120:Generated_Source\PSoC4/cyfitter_cfg.c **** *   void
 121:Generated_Source\PSoC4/cyfitter_cfg.c **** *
 122:Generated_Source\PSoC4/cyfitter_cfg.c **** *******************************************************************************/
 123:Generated_Source\PSoC4/cyfitter_cfg.c **** CY_CFG_UNUSED
 124:Generated_Source\PSoC4/cyfitter_cfg.c **** static void CyClockStartupError(uint8 errorCode);
 125:Generated_Source\PSoC4/cyfitter_cfg.c **** CY_CFG_UNUSED
 126:Generated_Source\PSoC4/cyfitter_cfg.c **** static void CyClockStartupError(uint8 errorCode)
 127:Generated_Source\PSoC4/cyfitter_cfg.c **** {
 128:Generated_Source\PSoC4/cyfitter_cfg.c ****     /* To remove the compiler warning if errorCode not used.                */
 129:Generated_Source\PSoC4/cyfitter_cfg.c ****     errorCode = errorCode;
 130:Generated_Source\PSoC4/cyfitter_cfg.c **** 
 131:Generated_Source\PSoC4/cyfitter_cfg.c ****     /* If we have a clock startup error (bad MHz crystal, PLL lock, etc.),  */
 132:Generated_Source\PSoC4/cyfitter_cfg.c ****     /* we will end up here to allow the customer to implement something to  */
 133:Generated_Source\PSoC4/cyfitter_cfg.c ****     /* deal with the clock condition.                                       */
 134:Generated_Source\PSoC4/cyfitter_cfg.c **** 
 135:Generated_Source\PSoC4/cyfitter_cfg.c **** #ifdef CY_CFG_CLOCK_STARTUP_ERROR_CALLBACK
 136:Generated_Source\PSoC4/cyfitter_cfg.c ****     CY_CFG_Clock_Startup_ErrorCallback();
 137:Generated_Source\PSoC4/cyfitter_cfg.c **** #else
 138:Generated_Source\PSoC4/cyfitter_cfg.c ****     /*  If not using CY_CFG_CLOCK_STARTUP_ERROR_CALLBACK, place your clock startup code here. */
 139:Generated_Source\PSoC4/cyfitter_cfg.c ****     /* `#START CyClockStartupError` */
 140:Generated_Source\PSoC4/cyfitter_cfg.c **** 
 141:Generated_Source\PSoC4/cyfitter_cfg.c **** 
 142:Generated_Source\PSoC4/cyfitter_cfg.c **** 
 143:Generated_Source\PSoC4/cyfitter_cfg.c ****     /* `#END` */
 144:Generated_Source\PSoC4/cyfitter_cfg.c **** 
 145:Generated_Source\PSoC4/cyfitter_cfg.c ****     while(1) {}
 146:Generated_Source\PSoC4/cyfitter_cfg.c **** #endif /* CY_CFG_CLOCK_STARTUP_ERROR_CALLBACK */
 147:Generated_Source\PSoC4/cyfitter_cfg.c **** }
 148:Generated_Source\PSoC4/cyfitter_cfg.c **** #endif
 149:Generated_Source\PSoC4/cyfitter_cfg.c **** 
 150:Generated_Source\PSoC4/cyfitter_cfg.c **** 
 151:Generated_Source\PSoC4/cyfitter_cfg.c **** 
 152:Generated_Source\PSoC4/cyfitter_cfg.c **** /*******************************************************************************
 153:Generated_Source\PSoC4/cyfitter_cfg.c **** * Function Name: ClockSetup
 154:Generated_Source\PSoC4/cyfitter_cfg.c **** ********************************************************************************
 155:Generated_Source\PSoC4/cyfitter_cfg.c **** *
 156:Generated_Source\PSoC4/cyfitter_cfg.c **** * Summary:
 157:Generated_Source\PSoC4/cyfitter_cfg.c **** *   Performs the initialization of all of the clocks in the device based on the
 158:Generated_Source\PSoC4/cyfitter_cfg.c **** *   settings in the Clock tab of the DWR.  This includes enabling the requested
 159:Generated_Source\PSoC4/cyfitter_cfg.c **** *   clocks and setting the necessary dividers to produce the desired frequency. 
 160:Generated_Source\PSoC4/cyfitter_cfg.c **** *
 161:Generated_Source\PSoC4/cyfitter_cfg.c **** * Parameters:
 162:Generated_Source\PSoC4/cyfitter_cfg.c **** *   void
 163:Generated_Source\PSoC4/cyfitter_cfg.c **** *
 164:Generated_Source\PSoC4/cyfitter_cfg.c **** * Return:
 165:Generated_Source\PSoC4/cyfitter_cfg.c **** *   void
 166:Generated_Source\PSoC4/cyfitter_cfg.c **** *
 167:Generated_Source\PSoC4/cyfitter_cfg.c **** *******************************************************************************/
 168:Generated_Source\PSoC4/cyfitter_cfg.c **** static void ClockSetup(void);
 169:Generated_Source\PSoC4/cyfitter_cfg.c **** CY_CFG_SECTION
 170:Generated_Source\PSoC4/cyfitter_cfg.c **** static void ClockSetup(void)
 171:Generated_Source\PSoC4/cyfitter_cfg.c **** {
  55              		.loc 1 171 0
  56              		.cfi_startproc
  57              		@ args = 0, pretend = 0, frame = 0
ARM GAS  C:\Users\ivddo\AppData\Local\Temp\ccQuMc49.s 			page 5


  58              		@ frame_needed = 0, uses_anonymous_args = 0
  59 0000 70B5     		push	{r4, r5, r6, lr}
  60              		.cfi_def_cfa_offset 16
  61              		.cfi_offset 4, -16
  62              		.cfi_offset 5, -12
  63              		.cfi_offset 6, -8
  64              		.cfi_offset 14, -4
 172:Generated_Source\PSoC4/cyfitter_cfg.c **** 	/* Enable HALF_EN before trimming for the flash accelerator. */
 173:Generated_Source\PSoC4/cyfitter_cfg.c **** 	CY_SET_REG32((void CYXDATA *)(CYREG_CLK_SELECT), (CY_GET_REG32((void *)CYREG_CLK_SELECT) | 0x00040
  65              		.loc 1 173 0
  66 0002 0D4C     		ldr	r4, .L3
  67 0004 2368     		ldr	r3, [r4]
  68 0006 8025     		movs	r5, #128
  69 0008 ED02     		lsls	r5, r5, #11
  70 000a 2B43     		orrs	r3, r5
  71 000c 2360     		str	r3, [r4]
 174:Generated_Source\PSoC4/cyfitter_cfg.c **** 
 175:Generated_Source\PSoC4/cyfitter_cfg.c **** 	/* Setup and trim IMO based on desired frequency. */
 176:Generated_Source\PSoC4/cyfitter_cfg.c **** 	CySysClkWriteImoFreq(48u);
  72              		.loc 1 176 0
  73 000e 3020     		movs	r0, #48
  74 0010 FFF7FEFF 		bl	CySysClkWriteImoFreq
  75              	.LVL3:
 177:Generated_Source\PSoC4/cyfitter_cfg.c **** 	/* CYDEV_CLK_ILO_CONFIG Starting address: CYDEV_CLK_ILO_CONFIG */
 178:Generated_Source\PSoC4/cyfitter_cfg.c **** 	CY_SET_REG32((void *)(CYREG_CLK_ILO_CONFIG), 0x80000006u);
  76              		.loc 1 178 0
  77 0014 094A     		ldr	r2, .L3+4
  78 0016 0A4B     		ldr	r3, .L3+8
  79 0018 1A60     		str	r2, [r3]
 179:Generated_Source\PSoC4/cyfitter_cfg.c **** 
 180:Generated_Source\PSoC4/cyfitter_cfg.c **** 
 181:Generated_Source\PSoC4/cyfitter_cfg.c **** 	/* CYDEV_CLK_IMO_CONFIG Starting address: CYDEV_CLK_IMO_CONFIG */
 182:Generated_Source\PSoC4/cyfitter_cfg.c **** 	CY_SET_REG32((void *)(CYREG_CLK_IMO_CONFIG), 0x80000000u);
  80              		.loc 1 182 0
  81 001a 063A     		subs	r2, r2, #6
  82 001c 094B     		ldr	r3, .L3+12
  83 001e 1A60     		str	r2, [r3]
 183:Generated_Source\PSoC4/cyfitter_cfg.c **** 
 184:Generated_Source\PSoC4/cyfitter_cfg.c **** 	/* CYDEV_CLK_SELECT Starting address: CYDEV_CLK_SELECT */
 185:Generated_Source\PSoC4/cyfitter_cfg.c **** 	CY_SET_REG32((void *)(CYREG_CLK_SELECT), 0x00040000u);
  84              		.loc 1 185 0
  85 0020 2560     		str	r5, [r4]
 186:Generated_Source\PSoC4/cyfitter_cfg.c **** 
 187:Generated_Source\PSoC4/cyfitter_cfg.c **** 	(void)CyIntSetVector(9u, &CySysWdtIsr);
  86              		.loc 1 187 0
  87 0022 0949     		ldr	r1, .L3+16
  88 0024 0920     		movs	r0, #9
  89 0026 FFF7FEFF 		bl	CyIntSetVector
  90              	.LVL4:
 188:Generated_Source\PSoC4/cyfitter_cfg.c **** 	CyIntEnable(9u);
  91              		.loc 1 188 0
  92 002a 0920     		movs	r0, #9
  93 002c FFF7FEFF 		bl	CyIntEnable
  94              	.LVL5:
 189:Generated_Source\PSoC4/cyfitter_cfg.c **** 	CY_SET_REG32((void *)(CYREG_WDT_CONFIG), 0x00000000u);
  95              		.loc 1 189 0
  96 0030 0022     		movs	r2, #0
ARM GAS  C:\Users\ivddo\AppData\Local\Temp\ccQuMc49.s 			page 6


  97 0032 064B     		ldr	r3, .L3+20
  98 0034 1A60     		str	r2, [r3]
 190:Generated_Source\PSoC4/cyfitter_cfg.c **** }
  99              		.loc 1 190 0
 100              		@ sp needed
 101 0036 70BD     		pop	{r4, r5, r6, pc}
 102              	.L4:
 103              		.align	2
 104              	.L3:
 105 0038 00010B40 		.word	1074462976
 106 003c 06000080 		.word	-2147483642
 107 0040 04010B40 		.word	1074462980
 108 0044 08010B40 		.word	1074462984
 109 0048 00000000 		.word	CySysWdtIsr
 110 004c 0C020B40 		.word	1074463244
 111              		.cfi_endproc
 112              	.LFE3:
 113              		.size	ClockSetup, .-ClockSetup
 114              		.align	2
 115              		.global	cyfitter_cfg
 116              		.code	16
 117              		.thumb_func
 118              		.type	cyfitter_cfg, %function
 119              	cyfitter_cfg:
 120              	.LFB5:
 191:Generated_Source\PSoC4/cyfitter_cfg.c **** 
 192:Generated_Source\PSoC4/cyfitter_cfg.c **** 
 193:Generated_Source\PSoC4/cyfitter_cfg.c **** /* Analog API Functions */
 194:Generated_Source\PSoC4/cyfitter_cfg.c **** 
 195:Generated_Source\PSoC4/cyfitter_cfg.c **** 
 196:Generated_Source\PSoC4/cyfitter_cfg.c **** /*******************************************************************************
 197:Generated_Source\PSoC4/cyfitter_cfg.c **** * Function Name: AnalogSetDefault
 198:Generated_Source\PSoC4/cyfitter_cfg.c **** ********************************************************************************
 199:Generated_Source\PSoC4/cyfitter_cfg.c **** *
 200:Generated_Source\PSoC4/cyfitter_cfg.c **** * Summary:
 201:Generated_Source\PSoC4/cyfitter_cfg.c **** *  Sets up the analog portions of the chip to default values based on chip
 202:Generated_Source\PSoC4/cyfitter_cfg.c **** *  configuration options from the project.
 203:Generated_Source\PSoC4/cyfitter_cfg.c **** *
 204:Generated_Source\PSoC4/cyfitter_cfg.c **** * Parameters:
 205:Generated_Source\PSoC4/cyfitter_cfg.c **** *  void
 206:Generated_Source\PSoC4/cyfitter_cfg.c **** *
 207:Generated_Source\PSoC4/cyfitter_cfg.c **** * Return:
 208:Generated_Source\PSoC4/cyfitter_cfg.c **** *  void
 209:Generated_Source\PSoC4/cyfitter_cfg.c **** *
 210:Generated_Source\PSoC4/cyfitter_cfg.c **** *******************************************************************************/
 211:Generated_Source\PSoC4/cyfitter_cfg.c **** static void AnalogSetDefault(void);
 212:Generated_Source\PSoC4/cyfitter_cfg.c **** static void AnalogSetDefault(void)
 213:Generated_Source\PSoC4/cyfitter_cfg.c **** {
 214:Generated_Source\PSoC4/cyfitter_cfg.c **** }
 215:Generated_Source\PSoC4/cyfitter_cfg.c **** 
 216:Generated_Source\PSoC4/cyfitter_cfg.c **** 
 217:Generated_Source\PSoC4/cyfitter_cfg.c **** 
 218:Generated_Source\PSoC4/cyfitter_cfg.c **** 
 219:Generated_Source\PSoC4/cyfitter_cfg.c **** /*******************************************************************************
 220:Generated_Source\PSoC4/cyfitter_cfg.c **** * Function Name: cyfitter_cfg
 221:Generated_Source\PSoC4/cyfitter_cfg.c **** ********************************************************************************
 222:Generated_Source\PSoC4/cyfitter_cfg.c **** * Summary:
ARM GAS  C:\Users\ivddo\AppData\Local\Temp\ccQuMc49.s 			page 7


 223:Generated_Source\PSoC4/cyfitter_cfg.c **** *  This function is called by the start-up code for the selected device. It
 224:Generated_Source\PSoC4/cyfitter_cfg.c **** *  performs all of the necessary device configuration based on the design
 225:Generated_Source\PSoC4/cyfitter_cfg.c **** *  settings.  This includes settings from the Design Wide Resources (DWR) such
 226:Generated_Source\PSoC4/cyfitter_cfg.c **** *  as Clocks and Pins as well as any component configuration that is necessary.
 227:Generated_Source\PSoC4/cyfitter_cfg.c **** *
 228:Generated_Source\PSoC4/cyfitter_cfg.c **** * Parameters:
 229:Generated_Source\PSoC4/cyfitter_cfg.c **** *   void
 230:Generated_Source\PSoC4/cyfitter_cfg.c **** *
 231:Generated_Source\PSoC4/cyfitter_cfg.c **** * Return:
 232:Generated_Source\PSoC4/cyfitter_cfg.c **** *   void
 233:Generated_Source\PSoC4/cyfitter_cfg.c **** *
 234:Generated_Source\PSoC4/cyfitter_cfg.c **** *******************************************************************************/
 235:Generated_Source\PSoC4/cyfitter_cfg.c **** CY_CFG_SECTION
 236:Generated_Source\PSoC4/cyfitter_cfg.c **** void cyfitter_cfg(void)
 237:Generated_Source\PSoC4/cyfitter_cfg.c **** {
 121              		.loc 1 237 0
 122              		.cfi_startproc
 123              		@ args = 0, pretend = 0, frame = 0
 124              		@ frame_needed = 0, uses_anonymous_args = 0
 125 0050 10B5     		push	{r4, lr}
 126              		.cfi_def_cfa_offset 8
 127              		.cfi_offset 4, -8
 128              		.cfi_offset 14, -4
 238:Generated_Source\PSoC4/cyfitter_cfg.c **** 	/* Disable interrupts by default. Let user enable if/when they want. */
 239:Generated_Source\PSoC4/cyfitter_cfg.c **** 	CyGlobalIntDisable;
 129              		.loc 1 239 0
 130              		.syntax divided
 131              	@ 239 "Generated_Source\PSoC4\cyfitter_cfg.c" 1
 132 0052 72B6     		CPSID   i
 133              	@ 0 "" 2
 134              	.LVL6:
 135              		.thumb
 136              		.syntax unified
 137              	.LBB2:
 240:Generated_Source\PSoC4/cyfitter_cfg.c **** 
 241:Generated_Source\PSoC4/cyfitter_cfg.c **** 	{
 242:Generated_Source\PSoC4/cyfitter_cfg.c **** 
 243:Generated_Source\PSoC4/cyfitter_cfg.c **** 		CYPACKED typedef struct {
 244:Generated_Source\PSoC4/cyfitter_cfg.c **** 			void CYFAR *address;
 245:Generated_Source\PSoC4/cyfitter_cfg.c **** 			uint16 size;
 246:Generated_Source\PSoC4/cyfitter_cfg.c **** 		} CYPACKED_ATTR cfg_memset_t;
 247:Generated_Source\PSoC4/cyfitter_cfg.c **** 
 248:Generated_Source\PSoC4/cyfitter_cfg.c **** 		static const cfg_memset_t CYCODE cfg_memset_list[] = {
 249:Generated_Source\PSoC4/cyfitter_cfg.c **** 			/* address, size */
 250:Generated_Source\PSoC4/cyfitter_cfg.c **** 			{(void CYFAR *)(CYDEV_UDB_P0_U0_BASE), 1024u},
 251:Generated_Source\PSoC4/cyfitter_cfg.c **** 			{(void CYFAR *)(CYDEV_UDB_DSI0_BASE), 1024u},
 252:Generated_Source\PSoC4/cyfitter_cfg.c **** 		};
 253:Generated_Source\PSoC4/cyfitter_cfg.c **** 
 254:Generated_Source\PSoC4/cyfitter_cfg.c **** 		uint8 CYDATA i;
 255:Generated_Source\PSoC4/cyfitter_cfg.c **** 
 256:Generated_Source\PSoC4/cyfitter_cfg.c **** 		/* Zero out critical memory blocks before beginning configuration */
 257:Generated_Source\PSoC4/cyfitter_cfg.c **** 		for (i = 0u; i < (sizeof(cfg_memset_list)/sizeof(cfg_memset_list[0])); i++)
 138              		.loc 1 257 0
 139 0054 0024     		movs	r4, #0
 140 0056 0FE0     		b	.L6
 141              	.LVL7:
 142              	.L7:
ARM GAS  C:\Users\ivddo\AppData\Local\Temp\ccQuMc49.s 			page 8


 143              	.LBB3:
 258:Generated_Source\PSoC4/cyfitter_cfg.c **** 		{
 259:Generated_Source\PSoC4/cyfitter_cfg.c **** 			const cfg_memset_t CYCODE * CYDATA ms = &cfg_memset_list[i];
 260:Generated_Source\PSoC4/cyfitter_cfg.c **** 			CYMEMZERO(ms->address, (size_t)(uint32)(ms->size));
 144              		.loc 1 260 0 discriminator 3
 145 0058 1A48     		ldr	r0, .L8
 146 005a 6200     		lsls	r2, r4, #1
 147 005c 1319     		adds	r3, r2, r4
 148 005e 5900     		lsls	r1, r3, #1
 149 0060 0B00     		movs	r3, r1
 150 0062 4118     		adds	r1, r0, r1
 151 0064 8988     		ldrh	r1, [r1, #4]
 152 0066 1A5A     		ldrh	r2, [r3, r0]
 153 0068 C318     		adds	r3, r0, r3
 154 006a 5888     		ldrh	r0, [r3, #2]
 155 006c 0004     		lsls	r0, r0, #16
 156 006e 1043     		orrs	r0, r2
 157 0070 FFF7FEFF 		bl	CYMEMZERO
 158              	.LVL8:
 159              	.LBE3:
 257:Generated_Source\PSoC4/cyfitter_cfg.c **** 		{
 160              		.loc 1 257 0 discriminator 3
 161 0074 0134     		adds	r4, r4, #1
 162              	.LVL9:
 163 0076 E4B2     		uxtb	r4, r4
 164              	.LVL10:
 165              	.L6:
 257:Generated_Source\PSoC4/cyfitter_cfg.c **** 		{
 166              		.loc 1 257 0 is_stmt 0 discriminator 1
 167 0078 012C     		cmp	r4, #1
 168 007a EDD9     		bls	.L7
 261:Generated_Source\PSoC4/cyfitter_cfg.c **** 		}
 262:Generated_Source\PSoC4/cyfitter_cfg.c **** 
 263:Generated_Source\PSoC4/cyfitter_cfg.c **** 		/* FORCED_HSIOM Starting address: CYDEV_HSIOM_PORT_SEL3 */
 264:Generated_Source\PSoC4/cyfitter_cfg.c **** 		CY_SET_REG32((void *)(CYREG_HSIOM_PORT_SEL3), 0x00000000u);
 169              		.loc 1 264 0 is_stmt 1
 170 007c 0023     		movs	r3, #0
 171 007e 124A     		ldr	r2, .L8+4
 172 0080 1360     		str	r3, [r2]
 265:Generated_Source\PSoC4/cyfitter_cfg.c **** 
 266:Generated_Source\PSoC4/cyfitter_cfg.c **** 		/* IOPINS0_3 Starting address: CYDEV_PRT3_PC */
 267:Generated_Source\PSoC4/cyfitter_cfg.c **** 		CY_SET_REG32((void *)(CYREG_PRT3_PC), 0x00000000u);
 173              		.loc 1 267 0
 174 0082 124A     		ldr	r2, .L8+8
 175 0084 1360     		str	r3, [r2]
 268:Generated_Source\PSoC4/cyfitter_cfg.c **** 
 269:Generated_Source\PSoC4/cyfitter_cfg.c **** 		/* UDB_PA_0 Starting address: CYDEV_UDB_PA0_BASE */
 270:Generated_Source\PSoC4/cyfitter_cfg.c **** 		CY_SET_REG32((void *)(CYDEV_UDB_PA0_BASE), 0x00990000u);
 176              		.loc 1 270 0
 177 0086 9923     		movs	r3, #153
 178 0088 1B04     		lsls	r3, r3, #16
 179 008a 114A     		ldr	r2, .L8+12
 180 008c 1360     		str	r3, [r2]
 271:Generated_Source\PSoC4/cyfitter_cfg.c **** 
 272:Generated_Source\PSoC4/cyfitter_cfg.c **** 		/* UDB_PA_1 Starting address: CYDEV_UDB_PA1_BASE */
 273:Generated_Source\PSoC4/cyfitter_cfg.c **** 		CY_SET_REG32((void *)(CYDEV_UDB_PA1_BASE), 0x00990000u);
 181              		.loc 1 273 0
ARM GAS  C:\Users\ivddo\AppData\Local\Temp\ccQuMc49.s 			page 9


 182 008e 114A     		ldr	r2, .L8+16
 183 0090 1360     		str	r3, [r2]
 274:Generated_Source\PSoC4/cyfitter_cfg.c **** 
 275:Generated_Source\PSoC4/cyfitter_cfg.c **** 		/* Enable digital routing */
 276:Generated_Source\PSoC4/cyfitter_cfg.c **** 		CY_SET_XTND_REG8((void *)CYREG_UDB_UDBIF_BANK_CTL, (uint8)(CY_GET_XTND_REG8((void *)CYREG_UDB_UDB
 184              		.loc 1 276 0
 185 0092 114A     		ldr	r2, .L8+20
 186 0094 1178     		ldrb	r1, [r2]
 187 0096 0623     		movs	r3, #6
 188 0098 0B43     		orrs	r3, r1
 189 009a DBB2     		uxtb	r3, r3
 190 009c 1370     		strb	r3, [r2]
 191              	.LBE2:
 277:Generated_Source\PSoC4/cyfitter_cfg.c **** 	}
 278:Generated_Source\PSoC4/cyfitter_cfg.c **** 
 279:Generated_Source\PSoC4/cyfitter_cfg.c **** 	/* Perform second pass device configuration. These items must be configured in specific order afte
 280:Generated_Source\PSoC4/cyfitter_cfg.c **** 	/* IOPINS0_0 Starting address: CYDEV_PRT0_BASE */
 281:Generated_Source\PSoC4/cyfitter_cfg.c **** 	CY_SET_REG32((void *)(CYDEV_PRT0_BASE), 0x00000080u);
 192              		.loc 1 281 0
 193 009e 8022     		movs	r2, #128
 194 00a0 0E4B     		ldr	r3, .L8+24
 195 00a2 1A60     		str	r2, [r3]
 282:Generated_Source\PSoC4/cyfitter_cfg.c **** 	CY_SET_REG32((void *)(CYREG_PRT0_PC), 0x00400000u);
 196              		.loc 1 282 0
 197 00a4 8022     		movs	r2, #128
 198 00a6 D203     		lsls	r2, r2, #15
 199 00a8 0D4B     		ldr	r3, .L8+28
 200 00aa 1A60     		str	r2, [r3]
 283:Generated_Source\PSoC4/cyfitter_cfg.c **** 	CY_SET_REG32((void *)(CYREG_PRT0_INTCFG), 0x00008000u);
 201              		.loc 1 283 0
 202 00ac 8022     		movs	r2, #128
 203 00ae 1202     		lsls	r2, r2, #8
 204 00b0 0C4B     		ldr	r3, .L8+32
 205 00b2 1A60     		str	r2, [r3]
 284:Generated_Source\PSoC4/cyfitter_cfg.c **** 
 285:Generated_Source\PSoC4/cyfitter_cfg.c **** 	/* IOPINS0_1 Starting address: CYDEV_PRT1_BASE */
 286:Generated_Source\PSoC4/cyfitter_cfg.c **** 	CY_SET_REG32((void *)(CYREG_PRT1_PC), 0x00180000u);
 206              		.loc 1 286 0
 207 00b4 C022     		movs	r2, #192
 208 00b6 5203     		lsls	r2, r2, #13
 209 00b8 0B4B     		ldr	r3, .L8+36
 210 00ba 1A60     		str	r2, [r3]
 287:Generated_Source\PSoC4/cyfitter_cfg.c **** 
 288:Generated_Source\PSoC4/cyfitter_cfg.c **** 
 289:Generated_Source\PSoC4/cyfitter_cfg.c **** 	/* Setup clocks based on selections from Clock DWR */
 290:Generated_Source\PSoC4/cyfitter_cfg.c **** 	ClockSetup();
 211              		.loc 1 290 0
 212 00bc FFF7A0FF 		bl	ClockSetup
 213              	.LVL11:
 291:Generated_Source\PSoC4/cyfitter_cfg.c **** 
 292:Generated_Source\PSoC4/cyfitter_cfg.c **** 	/* Perform basic analog initialization to defaults */
 293:Generated_Source\PSoC4/cyfitter_cfg.c **** 	AnalogSetDefault();
 294:Generated_Source\PSoC4/cyfitter_cfg.c **** 
 295:Generated_Source\PSoC4/cyfitter_cfg.c **** }
 214              		.loc 1 295 0
 215              		@ sp needed
 216              	.LVL12:
ARM GAS  C:\Users\ivddo\AppData\Local\Temp\ccQuMc49.s 			page 10


 217 00c0 10BD     		pop	{r4, pc}
 218              	.L9:
 219 00c2 C046     		.align	2
 220              	.L8:
 221 00c4 00000000 		.word	.LANCHOR0
 222 00c8 0C000140 		.word	1073807372
 223 00cc 08030440 		.word	1074004744
 224 00d0 00500F40 		.word	1074745344
 225 00d4 10500F40 		.word	1074745360
 226 00d8 00700F40 		.word	1074753536
 227 00dc 00000440 		.word	1074003968
 228 00e0 08000440 		.word	1074003976
 229 00e4 0C000440 		.word	1074003980
 230 00e8 08010440 		.word	1074004232
 231              		.cfi_endproc
 232              	.LFE5:
 233              		.size	cyfitter_cfg, .-cyfitter_cfg
 234              		.section	.rodata
 235              		.align	2
 236              		.set	.LANCHOR0,. + 0
 237              		.type	cfg_memset_list.4847, %object
 238              		.size	cfg_memset_list.4847, 12
 239              	cfg_memset_list.4847:
 240 0000 00300F40 		.word	1074737152
 241 0004 0004     		.short	1024
 242 0006 00400F40 		.4byte	1074741248
 243 000a 0004     		.short	1024
 244              		.text
 245              	.Letext0:
 246              		.file 2 "c:\\program files (x86)\\cypress\\psoc creator\\4.4\\psoc creator\\import\\gnu\\arm\\5.4.
 247              		.file 3 "Generated_Source\\PSoC4\\cytypes.h"
 248              		.file 4 "Generated_Source\\PSoC4\\CyLib.h"
 249              		.section	.debug_info,"",%progbits
 250              	.Ldebug_info0:
 251 0000 74020000 		.4byte	0x274
 252 0004 0400     		.2byte	0x4
 253 0006 00000000 		.4byte	.Ldebug_abbrev0
 254 000a 04       		.byte	0x4
 255 000b 01       		.uleb128 0x1
 256 000c 1A010000 		.4byte	.LASF29
 257 0010 0C       		.byte	0xc
 258 0011 11020000 		.4byte	.LASF30
 259 0015 6C000000 		.4byte	.LASF31
 260 0019 00000000 		.4byte	.Ldebug_ranges0+0
 261 001d 00000000 		.4byte	0
 262 0021 00000000 		.4byte	.Ldebug_line0
 263 0025 02       		.uleb128 0x2
 264 0026 04       		.byte	0x4
 265 0027 05       		.byte	0x5
 266 0028 696E7400 		.ascii	"int\000"
 267 002c 03       		.uleb128 0x3
 268 002d 06000000 		.4byte	.LASF12
 269 0031 02       		.byte	0x2
 270 0032 D8       		.byte	0xd8
 271 0033 37000000 		.4byte	0x37
 272 0037 04       		.uleb128 0x4
 273 0038 04       		.byte	0x4
ARM GAS  C:\Users\ivddo\AppData\Local\Temp\ccQuMc49.s 			page 11


 274 0039 07       		.byte	0x7
 275 003a E1000000 		.4byte	.LASF0
 276 003e 04       		.uleb128 0x4
 277 003f 08       		.byte	0x8
 278 0040 05       		.byte	0x5
 279 0041 BE010000 		.4byte	.LASF1
 280 0045 04       		.uleb128 0x4
 281 0046 08       		.byte	0x8
 282 0047 04       		.byte	0x4
 283 0048 F9010000 		.4byte	.LASF2
 284 004c 04       		.uleb128 0x4
 285 004d 01       		.byte	0x1
 286 004e 06       		.byte	0x6
 287 004f 05020000 		.4byte	.LASF3
 288 0053 04       		.uleb128 0x4
 289 0054 01       		.byte	0x1
 290 0055 08       		.byte	0x8
 291 0056 AB000000 		.4byte	.LASF4
 292 005a 04       		.uleb128 0x4
 293 005b 02       		.byte	0x2
 294 005c 05       		.byte	0x5
 295 005d D1010000 		.4byte	.LASF5
 296 0061 04       		.uleb128 0x4
 297 0062 02       		.byte	0x2
 298 0063 07       		.byte	0x7
 299 0064 37000000 		.4byte	.LASF6
 300 0068 04       		.uleb128 0x4
 301 0069 04       		.byte	0x4
 302 006a 05       		.byte	0x5
 303 006b F0010000 		.4byte	.LASF7
 304 006f 04       		.uleb128 0x4
 305 0070 04       		.byte	0x4
 306 0071 07       		.byte	0x7
 307 0072 5A000000 		.4byte	.LASF8
 308 0076 04       		.uleb128 0x4
 309 0077 08       		.byte	0x8
 310 0078 07       		.byte	0x7
 311 0079 03010000 		.4byte	.LASF9
 312 007d 04       		.uleb128 0x4
 313 007e 04       		.byte	0x4
 314 007f 07       		.byte	0x7
 315 0080 B5010000 		.4byte	.LASF10
 316 0084 05       		.uleb128 0x5
 317 0085 04       		.byte	0x4
 318 0086 04       		.uleb128 0x4
 319 0087 01       		.byte	0x1
 320 0088 08       		.byte	0x8
 321 0089 CC010000 		.4byte	.LASF11
 322 008d 06       		.uleb128 0x6
 323 008e 9B000000 		.4byte	.LASF13
 324 0092 03       		.byte	0x3
 325 0093 FB01     		.2byte	0x1fb
 326 0095 53000000 		.4byte	0x53
 327 0099 06       		.uleb128 0x6
 328 009a D3000000 		.4byte	.LASF14
 329 009e 03       		.byte	0x3
 330 009f FC01     		.2byte	0x1fc
ARM GAS  C:\Users\ivddo\AppData\Local\Temp\ccQuMc49.s 			page 12


 331 00a1 61000000 		.4byte	0x61
 332 00a5 06       		.uleb128 0x6
 333 00a6 DA000000 		.4byte	.LASF15
 334 00aa 03       		.byte	0x3
 335 00ab FD01     		.2byte	0x1fd
 336 00ad 6F000000 		.4byte	0x6f
 337 00b1 04       		.uleb128 0x4
 338 00b2 04       		.byte	0x4
 339 00b3 04       		.byte	0x4
 340 00b4 4A000000 		.4byte	.LASF16
 341 00b8 04       		.uleb128 0x4
 342 00b9 08       		.byte	0x8
 343 00ba 04       		.byte	0x4
 344 00bb C0000000 		.4byte	.LASF17
 345 00bf 06       		.uleb128 0x6
 346 00c0 55000000 		.4byte	.LASF18
 347 00c4 03       		.byte	0x3
 348 00c5 A502     		.2byte	0x2a5
 349 00c7 CB000000 		.4byte	0xcb
 350 00cb 07       		.uleb128 0x7
 351 00cc 8D000000 		.4byte	0x8d
 352 00d0 06       		.uleb128 0x6
 353 00d1 00000000 		.4byte	.LASF19
 354 00d5 03       		.byte	0x3
 355 00d6 A702     		.2byte	0x2a7
 356 00d8 DC000000 		.4byte	0xdc
 357 00dc 07       		.uleb128 0x7
 358 00dd A5000000 		.4byte	0xa5
 359 00e1 08       		.uleb128 0x8
 360 00e2 A1000000 		.4byte	.LASF20
 361 00e6 01       		.byte	0x1
 362 00e7 4C       		.byte	0x4c
 363 00e8 00000000 		.4byte	.LFB0
 364 00ec 0C000000 		.4byte	.LFE0-.LFB0
 365 00f0 01       		.uleb128 0x1
 366 00f1 9C       		.byte	0x9c
 367 00f2 2E010000 		.4byte	0x12e
 368 00f6 09       		.uleb128 0x9
 369 00f7 7300     		.ascii	"s\000"
 370 00f9 01       		.byte	0x1
 371 00fa 4C       		.byte	0x4c
 372 00fb 84000000 		.4byte	0x84
 373 00ff 00000000 		.4byte	.LLST0
 374 0103 09       		.uleb128 0x9
 375 0104 6E00     		.ascii	"n\000"
 376 0106 01       		.byte	0x1
 377 0107 4C       		.byte	0x4c
 378 0108 2C000000 		.4byte	0x2c
 379 010c 21000000 		.4byte	.LLST1
 380 0110 0A       		.uleb128 0xa
 381 0111 0A000000 		.4byte	.LVL2
 382 0115 4D020000 		.4byte	0x24d
 383 0119 0B       		.uleb128 0xb
 384 011a 01       		.uleb128 0x1
 385 011b 50       		.byte	0x50
 386 011c 03       		.uleb128 0x3
 387 011d F3       		.byte	0xf3
ARM GAS  C:\Users\ivddo\AppData\Local\Temp\ccQuMc49.s 			page 13


 388 011e 01       		.uleb128 0x1
 389 011f 50       		.byte	0x50
 390 0120 0B       		.uleb128 0xb
 391 0121 01       		.uleb128 0x1
 392 0122 51       		.byte	0x51
 393 0123 01       		.uleb128 0x1
 394 0124 30       		.byte	0x30
 395 0125 0B       		.uleb128 0xb
 396 0126 01       		.uleb128 0x1
 397 0127 52       		.byte	0x52
 398 0128 03       		.uleb128 0x3
 399 0129 F3       		.byte	0xf3
 400 012a 01       		.uleb128 0x1
 401 012b 51       		.byte	0x51
 402 012c 00       		.byte	0
 403 012d 00       		.byte	0
 404 012e 08       		.uleb128 0x8
 405 012f 2C000000 		.4byte	.LASF21
 406 0133 01       		.byte	0x1
 407 0134 AA       		.byte	0xaa
 408 0135 00000000 		.4byte	.LFB3
 409 0139 50000000 		.4byte	.LFE3-.LFB3
 410 013d 01       		.uleb128 0x1
 411 013e 9C       		.byte	0x9c
 412 013f 7A010000 		.4byte	0x17a
 413 0143 0C       		.uleb128 0xc
 414 0144 14000000 		.4byte	.LVL3
 415 0148 56020000 		.4byte	0x256
 416 014c 57010000 		.4byte	0x157
 417 0150 0B       		.uleb128 0xb
 418 0151 01       		.uleb128 0x1
 419 0152 50       		.byte	0x50
 420 0153 02       		.uleb128 0x2
 421 0154 08       		.byte	0x8
 422 0155 30       		.byte	0x30
 423 0156 00       		.byte	0
 424 0157 0C       		.uleb128 0xc
 425 0158 2A000000 		.4byte	.LVL4
 426 015c 61020000 		.4byte	0x261
 427 0160 6A010000 		.4byte	0x16a
 428 0164 0B       		.uleb128 0xb
 429 0165 01       		.uleb128 0x1
 430 0166 50       		.byte	0x50
 431 0167 01       		.uleb128 0x1
 432 0168 39       		.byte	0x39
 433 0169 00       		.byte	0
 434 016a 0A       		.uleb128 0xa
 435 016b 30000000 		.4byte	.LVL5
 436 016f 6C020000 		.4byte	0x26c
 437 0173 0B       		.uleb128 0xb
 438 0174 01       		.uleb128 0x1
 439 0175 50       		.byte	0x50
 440 0176 01       		.uleb128 0x1
 441 0177 39       		.byte	0x39
 442 0178 00       		.byte	0
 443 0179 00       		.byte	0
 444 017a 0D       		.uleb128 0xd
ARM GAS  C:\Users\ivddo\AppData\Local\Temp\ccQuMc49.s 			page 14


 445 017b EE000000 		.4byte	.LASF32
 446 017f 01       		.byte	0x1
 447 0180 EC       		.byte	0xec
 448 0181 50000000 		.4byte	.LFB5
 449 0185 9C000000 		.4byte	.LFE5-.LFB5
 450 0189 01       		.uleb128 0x1
 451 018a 9C       		.byte	0x9c
 452 018b 4D020000 		.4byte	0x24d
 453 018f 0E       		.uleb128 0xe
 454 0190 54000000 		.4byte	.LBB2
 455 0194 4A000000 		.4byte	.LBE2-.LBB2
 456 0198 43020000 		.4byte	0x243
 457 019c 0F       		.uleb128 0xf
 458 019d 06       		.byte	0x6
 459 019e 01       		.byte	0x1
 460 019f F3       		.byte	0xf3
 461 01a0 BD010000 		.4byte	0x1bd
 462 01a4 10       		.uleb128 0x10
 463 01a5 FB000000 		.4byte	.LASF22
 464 01a9 01       		.byte	0x1
 465 01aa F4       		.byte	0xf4
 466 01ab 84000000 		.4byte	0x84
 467 01af 00       		.byte	0
 468 01b0 10       		.uleb128 0x10
 469 01b1 50000000 		.4byte	.LASF23
 470 01b5 01       		.byte	0x1
 471 01b6 F5       		.byte	0xf5
 472 01b7 99000000 		.4byte	0x99
 473 01bb 04       		.byte	0x4
 474 01bc 00       		.byte	0
 475 01bd 03       		.uleb128 0x3
 476 01be A8010000 		.4byte	.LASF24
 477 01c2 01       		.byte	0x1
 478 01c3 F6       		.byte	0xf6
 479 01c4 9C010000 		.4byte	0x19c
 480 01c8 11       		.uleb128 0x11
 481 01c9 D8010000 		.4byte	0x1d8
 482 01cd D8010000 		.4byte	0x1d8
 483 01d1 12       		.uleb128 0x12
 484 01d2 7D000000 		.4byte	0x7d
 485 01d6 01       		.byte	0x1
 486 01d7 00       		.byte	0
 487 01d8 13       		.uleb128 0x13
 488 01d9 BD010000 		.4byte	0x1bd
 489 01dd 14       		.uleb128 0x14
 490 01de 1C000000 		.4byte	.LASF25
 491 01e2 01       		.byte	0x1
 492 01e3 F8       		.byte	0xf8
 493 01e4 EE010000 		.4byte	0x1ee
 494 01e8 05       		.uleb128 0x5
 495 01e9 03       		.byte	0x3
 496 01ea 00000000 		.4byte	cfg_memset_list.4847
 497 01ee 13       		.uleb128 0x13
 498 01ef C8010000 		.4byte	0x1c8
 499 01f3 15       		.uleb128 0x15
 500 01f4 6900     		.ascii	"i\000"
 501 01f6 01       		.byte	0x1
ARM GAS  C:\Users\ivddo\AppData\Local\Temp\ccQuMc49.s 			page 15


 502 01f7 FE       		.byte	0xfe
 503 01f8 8D000000 		.4byte	0x8d
 504 01fc 4D000000 		.4byte	.LLST2
 505 0200 16       		.uleb128 0x16
 506 0201 58000000 		.4byte	.LBB3
 507 0205 1C000000 		.4byte	.LBE3-.LBB3
 508 0209 17       		.uleb128 0x17
 509 020a 6D7300   		.ascii	"ms\000"
 510 020d 01       		.byte	0x1
 511 020e 0301     		.2byte	0x103
 512 0210 18020000 		.4byte	0x218
 513 0214 77000000 		.4byte	.LLST3
 514 0218 18       		.uleb128 0x18
 515 0219 04       		.byte	0x4
 516 021a D8010000 		.4byte	0x1d8
 517 021e 0A       		.uleb128 0xa
 518 021f 74000000 		.4byte	.LVL8
 519 0223 E1000000 		.4byte	0xe1
 520 0227 0B       		.uleb128 0xb
 521 0228 01       		.uleb128 0x1
 522 0229 51       		.byte	0x51
 523 022a 15       		.uleb128 0x15
 524 022b 74       		.byte	0x74
 525 022c 00       		.sleb128 0
 526 022d 31       		.byte	0x31
 527 022e 24       		.byte	0x24
 528 022f 74       		.byte	0x74
 529 0230 00       		.sleb128 0
 530 0231 22       		.byte	0x22
 531 0232 31       		.byte	0x31
 532 0233 24       		.byte	0x24
 533 0234 03       		.byte	0x3
 534 0235 04000000 		.4byte	.LANCHOR0+4
 535 0239 22       		.byte	0x22
 536 023a 94       		.byte	0x94
 537 023b 02       		.byte	0x2
 538 023c 0A       		.byte	0xa
 539 023d FFFF     		.2byte	0xffff
 540 023f 1A       		.byte	0x1a
 541 0240 00       		.byte	0
 542 0241 00       		.byte	0
 543 0242 00       		.byte	0
 544 0243 19       		.uleb128 0x19
 545 0244 C0000000 		.4byte	.LVL11
 546 0248 2E010000 		.4byte	0x12e
 547 024c 00       		.byte	0
 548 024d 1A       		.uleb128 0x1a
 549 024e B9000000 		.4byte	.LASF33
 550 0252 B9000000 		.4byte	.LASF33
 551 0256 1B       		.uleb128 0x1b
 552 0257 DB010000 		.4byte	.LASF26
 553 025b DB010000 		.4byte	.LASF26
 554 025f 04       		.byte	0x4
 555 0260 6C       		.byte	0x6c
 556 0261 1B       		.uleb128 0x1b
 557 0262 0D000000 		.4byte	.LASF27
 558 0266 0D000000 		.4byte	.LASF27
ARM GAS  C:\Users\ivddo\AppData\Local\Temp\ccQuMc49.s 			page 16


 559 026a 04       		.byte	0x4
 560 026b D0       		.byte	0xd0
 561 026c 1B       		.uleb128 0x1b
 562 026d C7000000 		.4byte	.LASF28
 563 0271 C7000000 		.4byte	.LASF28
 564 0275 04       		.byte	0x4
 565 0276 D6       		.byte	0xd6
 566 0277 00       		.byte	0
 567              		.section	.debug_abbrev,"",%progbits
 568              	.Ldebug_abbrev0:
 569 0000 01       		.uleb128 0x1
 570 0001 11       		.uleb128 0x11
 571 0002 01       		.byte	0x1
 572 0003 25       		.uleb128 0x25
 573 0004 0E       		.uleb128 0xe
 574 0005 13       		.uleb128 0x13
 575 0006 0B       		.uleb128 0xb
 576 0007 03       		.uleb128 0x3
 577 0008 0E       		.uleb128 0xe
 578 0009 1B       		.uleb128 0x1b
 579 000a 0E       		.uleb128 0xe
 580 000b 55       		.uleb128 0x55
 581 000c 17       		.uleb128 0x17
 582 000d 11       		.uleb128 0x11
 583 000e 01       		.uleb128 0x1
 584 000f 10       		.uleb128 0x10
 585 0010 17       		.uleb128 0x17
 586 0011 00       		.byte	0
 587 0012 00       		.byte	0
 588 0013 02       		.uleb128 0x2
 589 0014 24       		.uleb128 0x24
 590 0015 00       		.byte	0
 591 0016 0B       		.uleb128 0xb
 592 0017 0B       		.uleb128 0xb
 593 0018 3E       		.uleb128 0x3e
 594 0019 0B       		.uleb128 0xb
 595 001a 03       		.uleb128 0x3
 596 001b 08       		.uleb128 0x8
 597 001c 00       		.byte	0
 598 001d 00       		.byte	0
 599 001e 03       		.uleb128 0x3
 600 001f 16       		.uleb128 0x16
 601 0020 00       		.byte	0
 602 0021 03       		.uleb128 0x3
 603 0022 0E       		.uleb128 0xe
 604 0023 3A       		.uleb128 0x3a
 605 0024 0B       		.uleb128 0xb
 606 0025 3B       		.uleb128 0x3b
 607 0026 0B       		.uleb128 0xb
 608 0027 49       		.uleb128 0x49
 609 0028 13       		.uleb128 0x13
 610 0029 00       		.byte	0
 611 002a 00       		.byte	0
 612 002b 04       		.uleb128 0x4
 613 002c 24       		.uleb128 0x24
 614 002d 00       		.byte	0
 615 002e 0B       		.uleb128 0xb
ARM GAS  C:\Users\ivddo\AppData\Local\Temp\ccQuMc49.s 			page 17


 616 002f 0B       		.uleb128 0xb
 617 0030 3E       		.uleb128 0x3e
 618 0031 0B       		.uleb128 0xb
 619 0032 03       		.uleb128 0x3
 620 0033 0E       		.uleb128 0xe
 621 0034 00       		.byte	0
 622 0035 00       		.byte	0
 623 0036 05       		.uleb128 0x5
 624 0037 0F       		.uleb128 0xf
 625 0038 00       		.byte	0
 626 0039 0B       		.uleb128 0xb
 627 003a 0B       		.uleb128 0xb
 628 003b 00       		.byte	0
 629 003c 00       		.byte	0
 630 003d 06       		.uleb128 0x6
 631 003e 16       		.uleb128 0x16
 632 003f 00       		.byte	0
 633 0040 03       		.uleb128 0x3
 634 0041 0E       		.uleb128 0xe
 635 0042 3A       		.uleb128 0x3a
 636 0043 0B       		.uleb128 0xb
 637 0044 3B       		.uleb128 0x3b
 638 0045 05       		.uleb128 0x5
 639 0046 49       		.uleb128 0x49
 640 0047 13       		.uleb128 0x13
 641 0048 00       		.byte	0
 642 0049 00       		.byte	0
 643 004a 07       		.uleb128 0x7
 644 004b 35       		.uleb128 0x35
 645 004c 00       		.byte	0
 646 004d 49       		.uleb128 0x49
 647 004e 13       		.uleb128 0x13
 648 004f 00       		.byte	0
 649 0050 00       		.byte	0
 650 0051 08       		.uleb128 0x8
 651 0052 2E       		.uleb128 0x2e
 652 0053 01       		.byte	0x1
 653 0054 03       		.uleb128 0x3
 654 0055 0E       		.uleb128 0xe
 655 0056 3A       		.uleb128 0x3a
 656 0057 0B       		.uleb128 0xb
 657 0058 3B       		.uleb128 0x3b
 658 0059 0B       		.uleb128 0xb
 659 005a 27       		.uleb128 0x27
 660 005b 19       		.uleb128 0x19
 661 005c 11       		.uleb128 0x11
 662 005d 01       		.uleb128 0x1
 663 005e 12       		.uleb128 0x12
 664 005f 06       		.uleb128 0x6
 665 0060 40       		.uleb128 0x40
 666 0061 18       		.uleb128 0x18
 667 0062 9742     		.uleb128 0x2117
 668 0064 19       		.uleb128 0x19
 669 0065 01       		.uleb128 0x1
 670 0066 13       		.uleb128 0x13
 671 0067 00       		.byte	0
 672 0068 00       		.byte	0
ARM GAS  C:\Users\ivddo\AppData\Local\Temp\ccQuMc49.s 			page 18


 673 0069 09       		.uleb128 0x9
 674 006a 05       		.uleb128 0x5
 675 006b 00       		.byte	0
 676 006c 03       		.uleb128 0x3
 677 006d 08       		.uleb128 0x8
 678 006e 3A       		.uleb128 0x3a
 679 006f 0B       		.uleb128 0xb
 680 0070 3B       		.uleb128 0x3b
 681 0071 0B       		.uleb128 0xb
 682 0072 49       		.uleb128 0x49
 683 0073 13       		.uleb128 0x13
 684 0074 02       		.uleb128 0x2
 685 0075 17       		.uleb128 0x17
 686 0076 00       		.byte	0
 687 0077 00       		.byte	0
 688 0078 0A       		.uleb128 0xa
 689 0079 898201   		.uleb128 0x4109
 690 007c 01       		.byte	0x1
 691 007d 11       		.uleb128 0x11
 692 007e 01       		.uleb128 0x1
 693 007f 31       		.uleb128 0x31
 694 0080 13       		.uleb128 0x13
 695 0081 00       		.byte	0
 696 0082 00       		.byte	0
 697 0083 0B       		.uleb128 0xb
 698 0084 8A8201   		.uleb128 0x410a
 699 0087 00       		.byte	0
 700 0088 02       		.uleb128 0x2
 701 0089 18       		.uleb128 0x18
 702 008a 9142     		.uleb128 0x2111
 703 008c 18       		.uleb128 0x18
 704 008d 00       		.byte	0
 705 008e 00       		.byte	0
 706 008f 0C       		.uleb128 0xc
 707 0090 898201   		.uleb128 0x4109
 708 0093 01       		.byte	0x1
 709 0094 11       		.uleb128 0x11
 710 0095 01       		.uleb128 0x1
 711 0096 31       		.uleb128 0x31
 712 0097 13       		.uleb128 0x13
 713 0098 01       		.uleb128 0x1
 714 0099 13       		.uleb128 0x13
 715 009a 00       		.byte	0
 716 009b 00       		.byte	0
 717 009c 0D       		.uleb128 0xd
 718 009d 2E       		.uleb128 0x2e
 719 009e 01       		.byte	0x1
 720 009f 3F       		.uleb128 0x3f
 721 00a0 19       		.uleb128 0x19
 722 00a1 03       		.uleb128 0x3
 723 00a2 0E       		.uleb128 0xe
 724 00a3 3A       		.uleb128 0x3a
 725 00a4 0B       		.uleb128 0xb
 726 00a5 3B       		.uleb128 0x3b
 727 00a6 0B       		.uleb128 0xb
 728 00a7 27       		.uleb128 0x27
 729 00a8 19       		.uleb128 0x19
ARM GAS  C:\Users\ivddo\AppData\Local\Temp\ccQuMc49.s 			page 19


 730 00a9 11       		.uleb128 0x11
 731 00aa 01       		.uleb128 0x1
 732 00ab 12       		.uleb128 0x12
 733 00ac 06       		.uleb128 0x6
 734 00ad 40       		.uleb128 0x40
 735 00ae 18       		.uleb128 0x18
 736 00af 9742     		.uleb128 0x2117
 737 00b1 19       		.uleb128 0x19
 738 00b2 01       		.uleb128 0x1
 739 00b3 13       		.uleb128 0x13
 740 00b4 00       		.byte	0
 741 00b5 00       		.byte	0
 742 00b6 0E       		.uleb128 0xe
 743 00b7 0B       		.uleb128 0xb
 744 00b8 01       		.byte	0x1
 745 00b9 11       		.uleb128 0x11
 746 00ba 01       		.uleb128 0x1
 747 00bb 12       		.uleb128 0x12
 748 00bc 06       		.uleb128 0x6
 749 00bd 01       		.uleb128 0x1
 750 00be 13       		.uleb128 0x13
 751 00bf 00       		.byte	0
 752 00c0 00       		.byte	0
 753 00c1 0F       		.uleb128 0xf
 754 00c2 13       		.uleb128 0x13
 755 00c3 01       		.byte	0x1
 756 00c4 0B       		.uleb128 0xb
 757 00c5 0B       		.uleb128 0xb
 758 00c6 3A       		.uleb128 0x3a
 759 00c7 0B       		.uleb128 0xb
 760 00c8 3B       		.uleb128 0x3b
 761 00c9 0B       		.uleb128 0xb
 762 00ca 01       		.uleb128 0x1
 763 00cb 13       		.uleb128 0x13
 764 00cc 00       		.byte	0
 765 00cd 00       		.byte	0
 766 00ce 10       		.uleb128 0x10
 767 00cf 0D       		.uleb128 0xd
 768 00d0 00       		.byte	0
 769 00d1 03       		.uleb128 0x3
 770 00d2 0E       		.uleb128 0xe
 771 00d3 3A       		.uleb128 0x3a
 772 00d4 0B       		.uleb128 0xb
 773 00d5 3B       		.uleb128 0x3b
 774 00d6 0B       		.uleb128 0xb
 775 00d7 49       		.uleb128 0x49
 776 00d8 13       		.uleb128 0x13
 777 00d9 38       		.uleb128 0x38
 778 00da 0B       		.uleb128 0xb
 779 00db 00       		.byte	0
 780 00dc 00       		.byte	0
 781 00dd 11       		.uleb128 0x11
 782 00de 01       		.uleb128 0x1
 783 00df 01       		.byte	0x1
 784 00e0 49       		.uleb128 0x49
 785 00e1 13       		.uleb128 0x13
 786 00e2 01       		.uleb128 0x1
ARM GAS  C:\Users\ivddo\AppData\Local\Temp\ccQuMc49.s 			page 20


 787 00e3 13       		.uleb128 0x13
 788 00e4 00       		.byte	0
 789 00e5 00       		.byte	0
 790 00e6 12       		.uleb128 0x12
 791 00e7 21       		.uleb128 0x21
 792 00e8 00       		.byte	0
 793 00e9 49       		.uleb128 0x49
 794 00ea 13       		.uleb128 0x13
 795 00eb 2F       		.uleb128 0x2f
 796 00ec 0B       		.uleb128 0xb
 797 00ed 00       		.byte	0
 798 00ee 00       		.byte	0
 799 00ef 13       		.uleb128 0x13
 800 00f0 26       		.uleb128 0x26
 801 00f1 00       		.byte	0
 802 00f2 49       		.uleb128 0x49
 803 00f3 13       		.uleb128 0x13
 804 00f4 00       		.byte	0
 805 00f5 00       		.byte	0
 806 00f6 14       		.uleb128 0x14
 807 00f7 34       		.uleb128 0x34
 808 00f8 00       		.byte	0
 809 00f9 03       		.uleb128 0x3
 810 00fa 0E       		.uleb128 0xe
 811 00fb 3A       		.uleb128 0x3a
 812 00fc 0B       		.uleb128 0xb
 813 00fd 3B       		.uleb128 0x3b
 814 00fe 0B       		.uleb128 0xb
 815 00ff 49       		.uleb128 0x49
 816 0100 13       		.uleb128 0x13
 817 0101 02       		.uleb128 0x2
 818 0102 18       		.uleb128 0x18
 819 0103 00       		.byte	0
 820 0104 00       		.byte	0
 821 0105 15       		.uleb128 0x15
 822 0106 34       		.uleb128 0x34
 823 0107 00       		.byte	0
 824 0108 03       		.uleb128 0x3
 825 0109 08       		.uleb128 0x8
 826 010a 3A       		.uleb128 0x3a
 827 010b 0B       		.uleb128 0xb
 828 010c 3B       		.uleb128 0x3b
 829 010d 0B       		.uleb128 0xb
 830 010e 49       		.uleb128 0x49
 831 010f 13       		.uleb128 0x13
 832 0110 02       		.uleb128 0x2
 833 0111 17       		.uleb128 0x17
 834 0112 00       		.byte	0
 835 0113 00       		.byte	0
 836 0114 16       		.uleb128 0x16
 837 0115 0B       		.uleb128 0xb
 838 0116 01       		.byte	0x1
 839 0117 11       		.uleb128 0x11
 840 0118 01       		.uleb128 0x1
 841 0119 12       		.uleb128 0x12
 842 011a 06       		.uleb128 0x6
 843 011b 00       		.byte	0
ARM GAS  C:\Users\ivddo\AppData\Local\Temp\ccQuMc49.s 			page 21


 844 011c 00       		.byte	0
 845 011d 17       		.uleb128 0x17
 846 011e 34       		.uleb128 0x34
 847 011f 00       		.byte	0
 848 0120 03       		.uleb128 0x3
 849 0121 08       		.uleb128 0x8
 850 0122 3A       		.uleb128 0x3a
 851 0123 0B       		.uleb128 0xb
 852 0124 3B       		.uleb128 0x3b
 853 0125 05       		.uleb128 0x5
 854 0126 49       		.uleb128 0x49
 855 0127 13       		.uleb128 0x13
 856 0128 02       		.uleb128 0x2
 857 0129 17       		.uleb128 0x17
 858 012a 00       		.byte	0
 859 012b 00       		.byte	0
 860 012c 18       		.uleb128 0x18
 861 012d 0F       		.uleb128 0xf
 862 012e 00       		.byte	0
 863 012f 0B       		.uleb128 0xb
 864 0130 0B       		.uleb128 0xb
 865 0131 49       		.uleb128 0x49
 866 0132 13       		.uleb128 0x13
 867 0133 00       		.byte	0
 868 0134 00       		.byte	0
 869 0135 19       		.uleb128 0x19
 870 0136 898201   		.uleb128 0x4109
 871 0139 00       		.byte	0
 872 013a 11       		.uleb128 0x11
 873 013b 01       		.uleb128 0x1
 874 013c 31       		.uleb128 0x31
 875 013d 13       		.uleb128 0x13
 876 013e 00       		.byte	0
 877 013f 00       		.byte	0
 878 0140 1A       		.uleb128 0x1a
 879 0141 2E       		.uleb128 0x2e
 880 0142 00       		.byte	0
 881 0143 3F       		.uleb128 0x3f
 882 0144 19       		.uleb128 0x19
 883 0145 3C       		.uleb128 0x3c
 884 0146 19       		.uleb128 0x19
 885 0147 6E       		.uleb128 0x6e
 886 0148 0E       		.uleb128 0xe
 887 0149 03       		.uleb128 0x3
 888 014a 0E       		.uleb128 0xe
 889 014b 00       		.byte	0
 890 014c 00       		.byte	0
 891 014d 1B       		.uleb128 0x1b
 892 014e 2E       		.uleb128 0x2e
 893 014f 00       		.byte	0
 894 0150 3F       		.uleb128 0x3f
 895 0151 19       		.uleb128 0x19
 896 0152 3C       		.uleb128 0x3c
 897 0153 19       		.uleb128 0x19
 898 0154 6E       		.uleb128 0x6e
 899 0155 0E       		.uleb128 0xe
 900 0156 03       		.uleb128 0x3
ARM GAS  C:\Users\ivddo\AppData\Local\Temp\ccQuMc49.s 			page 22


 901 0157 0E       		.uleb128 0xe
 902 0158 3A       		.uleb128 0x3a
 903 0159 0B       		.uleb128 0xb
 904 015a 3B       		.uleb128 0x3b
 905 015b 0B       		.uleb128 0xb
 906 015c 00       		.byte	0
 907 015d 00       		.byte	0
 908 015e 00       		.byte	0
 909              		.section	.debug_loc,"",%progbits
 910              	.Ldebug_loc0:
 911              	.LLST0:
 912 0000 00000000 		.4byte	.LVL0
 913 0004 09000000 		.4byte	.LVL2-1
 914 0008 0100     		.2byte	0x1
 915 000a 50       		.byte	0x50
 916 000b 09000000 		.4byte	.LVL2-1
 917 000f 0C000000 		.4byte	.LFE0
 918 0013 0400     		.2byte	0x4
 919 0015 F3       		.byte	0xf3
 920 0016 01       		.uleb128 0x1
 921 0017 50       		.byte	0x50
 922 0018 9F       		.byte	0x9f
 923 0019 00000000 		.4byte	0
 924 001d 00000000 		.4byte	0
 925              	.LLST1:
 926 0021 00000000 		.4byte	.LVL0
 927 0025 06000000 		.4byte	.LVL1
 928 0029 0100     		.2byte	0x1
 929 002b 51       		.byte	0x51
 930 002c 06000000 		.4byte	.LVL1
 931 0030 09000000 		.4byte	.LVL2-1
 932 0034 0100     		.2byte	0x1
 933 0036 52       		.byte	0x52
 934 0037 09000000 		.4byte	.LVL2-1
 935 003b 0C000000 		.4byte	.LFE0
 936 003f 0400     		.2byte	0x4
 937 0041 F3       		.byte	0xf3
 938 0042 01       		.uleb128 0x1
 939 0043 51       		.byte	0x51
 940 0044 9F       		.byte	0x9f
 941 0045 00000000 		.4byte	0
 942 0049 00000000 		.4byte	0
 943              	.LLST2:
 944 004d 54000000 		.4byte	.LVL6
 945 0051 58000000 		.4byte	.LVL7
 946 0055 0200     		.2byte	0x2
 947 0057 30       		.byte	0x30
 948 0058 9F       		.byte	0x9f
 949 0059 58000000 		.4byte	.LVL7
 950 005d 76000000 		.4byte	.LVL9
 951 0061 0100     		.2byte	0x1
 952 0063 54       		.byte	0x54
 953 0064 78000000 		.4byte	.LVL10
 954 0068 C0000000 		.4byte	.LVL12
 955 006c 0100     		.2byte	0x1
 956 006e 54       		.byte	0x54
 957 006f 00000000 		.4byte	0
ARM GAS  C:\Users\ivddo\AppData\Local\Temp\ccQuMc49.s 			page 23


 958 0073 00000000 		.4byte	0
 959              	.LLST3:
 960 0077 58000000 		.4byte	.LVL7
 961 007b 76000000 		.4byte	.LVL9
 962 007f 0B00     		.2byte	0xb
 963 0081 74       		.byte	0x74
 964 0082 00       		.sleb128 0
 965 0083 36       		.byte	0x36
 966 0084 1E       		.byte	0x1e
 967 0085 03       		.byte	0x3
 968 0086 00000000 		.4byte	cfg_memset_list.4847
 969 008a 22       		.byte	0x22
 970 008b 9F       		.byte	0x9f
 971 008c 76000000 		.4byte	.LVL9
 972 0090 78000000 		.4byte	.LVL10
 973 0094 0B00     		.2byte	0xb
 974 0096 74       		.byte	0x74
 975 0097 7F       		.sleb128 -1
 976 0098 36       		.byte	0x36
 977 0099 1E       		.byte	0x1e
 978 009a 03       		.byte	0x3
 979 009b 00000000 		.4byte	cfg_memset_list.4847
 980 009f 22       		.byte	0x22
 981 00a0 9F       		.byte	0x9f
 982 00a1 00000000 		.4byte	0
 983 00a5 00000000 		.4byte	0
 984              		.section	.debug_aranges,"",%progbits
 985 0000 2C000000 		.4byte	0x2c
 986 0004 0200     		.2byte	0x2
 987 0006 00000000 		.4byte	.Ldebug_info0
 988 000a 04       		.byte	0x4
 989 000b 00       		.byte	0
 990 000c 0000     		.2byte	0
 991 000e 0000     		.2byte	0
 992 0010 00000000 		.4byte	.LFB0
 993 0014 0C000000 		.4byte	.LFE0-.LFB0
 994 0018 00000000 		.4byte	.LFB3
 995 001c 50000000 		.4byte	.LFE3-.LFB3
 996 0020 50000000 		.4byte	.LFB5
 997 0024 9C000000 		.4byte	.LFE5-.LFB5
 998 0028 00000000 		.4byte	0
 999 002c 00000000 		.4byte	0
 1000              		.section	.debug_ranges,"",%progbits
 1001              	.Ldebug_ranges0:
 1002 0000 00000000 		.4byte	.LFB0
 1003 0004 0C000000 		.4byte	.LFE0
 1004 0008 00000000 		.4byte	.LFB3
 1005 000c 50000000 		.4byte	.LFE3
 1006 0010 50000000 		.4byte	.LFB5
 1007 0014 EC000000 		.4byte	.LFE5
 1008 0018 00000000 		.4byte	0
 1009 001c 00000000 		.4byte	0
 1010              		.section	.debug_line,"",%progbits
 1011              	.Ldebug_line0:
 1012 0000 2A010000 		.section	.debug_str,"MS",%progbits,1
 1012      0200D600 
 1012      00000201 
ARM GAS  C:\Users\ivddo\AppData\Local\Temp\ccQuMc49.s 			page 24


 1012      FB0E0D00 
 1012      01010101 
 1013              	.LASF19:
 1014 0000 72656733 		.ascii	"reg32\000"
 1014      3200
 1015              	.LASF12:
 1016 0006 73697A65 		.ascii	"size_t\000"
 1016      5F7400
 1017              	.LASF27:
 1018 000d 4379496E 		.ascii	"CyIntSetVector\000"
 1018      74536574 
 1018      56656374 
 1018      6F7200
 1019              	.LASF25:
 1020 001c 6366675F 		.ascii	"cfg_memset_list\000"
 1020      6D656D73 
 1020      65745F6C 
 1020      69737400 
 1021              	.LASF21:
 1022 002c 436C6F63 		.ascii	"ClockSetup\000"
 1022      6B536574 
 1022      757000
 1023              	.LASF6:
 1024 0037 73686F72 		.ascii	"short unsigned int\000"
 1024      7420756E 
 1024      7369676E 
 1024      65642069 
 1024      6E7400
 1025              	.LASF16:
 1026 004a 666C6F61 		.ascii	"float\000"
 1026      7400
 1027              	.LASF23:
 1028 0050 73697A65 		.ascii	"size\000"
 1028      00
 1029              	.LASF18:
 1030 0055 72656738 		.ascii	"reg8\000"
 1030      00
 1031              	.LASF8:
 1032 005a 6C6F6E67 		.ascii	"long unsigned int\000"
 1032      20756E73 
 1032      69676E65 
 1032      6420696E 
 1032      7400
 1033              	.LASF31:
 1034 006c 433A5C55 		.ascii	"C:\\Users\\ivddo\\OneDrive\\dcmotor\\Design04.cydsn"
 1034      73657273 
 1034      5C697664 
 1034      646F5C4F 
 1034      6E654472 
 1035 009a 00       		.ascii	"\000"
 1036              	.LASF13:
 1037 009b 75696E74 		.ascii	"uint8\000"
 1037      3800
 1038              	.LASF20:
 1039 00a1 43594D45 		.ascii	"CYMEMZERO\000"
 1039      4D5A4552 
 1039      4F00
ARM GAS  C:\Users\ivddo\AppData\Local\Temp\ccQuMc49.s 			page 25


 1040              	.LASF4:
 1041 00ab 756E7369 		.ascii	"unsigned char\000"
 1041      676E6564 
 1041      20636861 
 1041      7200
 1042              	.LASF33:
 1043 00b9 6D656D73 		.ascii	"memset\000"
 1043      657400
 1044              	.LASF17:
 1045 00c0 646F7562 		.ascii	"double\000"
 1045      6C6500
 1046              	.LASF28:
 1047 00c7 4379496E 		.ascii	"CyIntEnable\000"
 1047      74456E61 
 1047      626C6500 
 1048              	.LASF14:
 1049 00d3 75696E74 		.ascii	"uint16\000"
 1049      313600
 1050              	.LASF15:
 1051 00da 75696E74 		.ascii	"uint32\000"
 1051      333200
 1052              	.LASF0:
 1053 00e1 756E7369 		.ascii	"unsigned int\000"
 1053      676E6564 
 1053      20696E74 
 1053      00
 1054              	.LASF32:
 1055 00ee 63796669 		.ascii	"cyfitter_cfg\000"
 1055      74746572 
 1055      5F636667 
 1055      00
 1056              	.LASF22:
 1057 00fb 61646472 		.ascii	"address\000"
 1057      65737300 
 1058              	.LASF9:
 1059 0103 6C6F6E67 		.ascii	"long long unsigned int\000"
 1059      206C6F6E 
 1059      6720756E 
 1059      7369676E 
 1059      65642069 
 1060              	.LASF29:
 1061 011a 474E5520 		.ascii	"GNU C11 5.4.1 20160609 (release) [ARM/embedded-5-br"
 1061      43313120 
 1061      352E342E 
 1061      31203230 
 1061      31363036 
 1062 014d 616E6368 		.ascii	"anch revision 237715] -mcpu=cortex-m0 -mthumb -g -O"
 1062      20726576 
 1062      6973696F 
 1062      6E203233 
 1062      37373135 
 1063 0180 67202D66 		.ascii	"g -ffunction-sections -ffat-lto-objects\000"
 1063      66756E63 
 1063      74696F6E 
 1063      2D736563 
 1063      74696F6E 
 1064              	.LASF24:
ARM GAS  C:\Users\ivddo\AppData\Local\Temp\ccQuMc49.s 			page 26


 1065 01a8 6366675F 		.ascii	"cfg_memset_t\000"
 1065      6D656D73 
 1065      65745F74 
 1065      00
 1066              	.LASF10:
 1067 01b5 73697A65 		.ascii	"sizetype\000"
 1067      74797065 
 1067      00
 1068              	.LASF1:
 1069 01be 6C6F6E67 		.ascii	"long long int\000"
 1069      206C6F6E 
 1069      6720696E 
 1069      7400
 1070              	.LASF11:
 1071 01cc 63686172 		.ascii	"char\000"
 1071      00
 1072              	.LASF5:
 1073 01d1 73686F72 		.ascii	"short int\000"
 1073      7420696E 
 1073      7400
 1074              	.LASF26:
 1075 01db 43795379 		.ascii	"CySysClkWriteImoFreq\000"
 1075      73436C6B 
 1075      57726974 
 1075      65496D6F 
 1075      46726571 
 1076              	.LASF7:
 1077 01f0 6C6F6E67 		.ascii	"long int\000"
 1077      20696E74 
 1077      00
 1078              	.LASF2:
 1079 01f9 6C6F6E67 		.ascii	"long double\000"
 1079      20646F75 
 1079      626C6500 
 1080              	.LASF3:
 1081 0205 7369676E 		.ascii	"signed char\000"
 1081      65642063 
 1081      68617200 
 1082              	.LASF30:
 1083 0211 47656E65 		.ascii	"Generated_Source\\PSoC4\\cyfitter_cfg.c\000"
 1083      72617465 
 1083      645F536F 
 1083      75726365 
 1083      5C50536F 
 1084              		.ident	"GCC: (GNU Tools for ARM Embedded Processors) 5.4.1 20160609 (release) [ARM/embedded-5-bran
