ARM GAS  C:\Users\ivddo\AppData\Local\Temp\ccCfI4jk.s 			page 1


   1              		.syntax unified
   2              		.cpu cortex-m0
   3              		.fpu softvfp
   4              		.eabi_attribute 20, 1
   5              		.eabi_attribute 21, 1
   6              		.eabi_attribute 23, 3
   7              		.eabi_attribute 24, 1
   8              		.eabi_attribute 25, 1
   9              		.eabi_attribute 26, 1
  10              		.eabi_attribute 30, 1
  11              		.eabi_attribute 34, 0
  12              		.eabi_attribute 18, 4
  13              		.thumb
  14              		.syntax unified
  15              		.file	"main.c"
  16              		.text
  17              	.Ltext0:
  18              		.cfi_sections	.debug_frame
  19              		.section	.text.main,"ax",%progbits
  20              		.align	2
  21              		.global	main
  22              		.code	16
  23              		.thumb_func
  24              		.type	main, %function
  25              	main:
  26              	.LFB32:
  27              		.file 1 "main.c"
   1:main.c        **** /* ========================================
   2:main.c        ****  *
   3:main.c        ****  * Copyright YOUR COMPANY, THE YEAR
   4:main.c        ****  * All Rights Reserved
   5:main.c        ****  * UNPUBLISHED, LICENSED SOFTWARE.
   6:main.c        ****  *
   7:main.c        ****  * CONFIDENTIAL AND PROPRIETARY INFORMATION
   8:main.c        ****  * WHICH IS THE PROPERTY OF your company.
   9:main.c        ****  *
  10:main.c        ****  * ========================================
  11:main.c        **** */
  12:main.c        **** #include "project.h"
  13:main.c        **** 
  14:main.c        **** int main(void)
  15:main.c        **** {
  28              		.loc 1 15 0
  29              		.cfi_startproc
  30              		@ args = 0, pretend = 0, frame = 0
  31              		@ frame_needed = 0, uses_anonymous_args = 0
  32 0000 10B5     		push	{r4, lr}
  33              		.cfi_def_cfa_offset 8
  34              		.cfi_offset 4, -8
  35              		.cfi_offset 14, -4
  16:main.c        ****     CyGlobalIntEnable; /* Enable global interrupts. */
  36              		.loc 1 16 0
  37              		.syntax divided
  38              	@ 16 "main.c" 1
  39 0002 62B6     		CPSIE   i
  40              	@ 0 "" 2
  41              		.thumb
ARM GAS  C:\Users\ivddo\AppData\Local\Temp\ccCfI4jk.s 			page 2


  42              		.syntax unified
  43              	.L2:
  17:main.c        **** 
  18:main.c        ****     /* Place your initialization/startup code here (e.g. MyInst_Start()) */
  19:main.c        ****     int stat;
  20:main.c        ****     int cur;
  21:main.c        ****     for(;;)
  22:main.c        ****     {
  23:main.c        ****         stat = Pin_SW2_Read();
  44              		.loc 1 23 0 discriminator 1
  45 0004 FFF7FEFF 		bl	Pin_SW2_Read
  46              	.LVL0:
  24:main.c        ****        Pin_Red_Write( stat );
  47              		.loc 1 24 0 discriminator 1
  48 0008 FFF7FEFF 		bl	Pin_Red_Write
  49              	.LVL1:
  50 000c FAE7     		b	.L2
  51              		.cfi_endproc
  52              	.LFE32:
  53              		.size	main, .-main
  54 000e C046     		.text
  55              	.Letext0:
  56              		.file 2 "Generated_Source\\PSoC4/Pin_SW2.h"
  57              		.file 3 "Generated_Source\\PSoC4/Pin_Red.h"
  58              		.section	.debug_info,"",%progbits
  59              	.Ldebug_info0:
  60 0000 E7000000 		.4byte	0xe7
  61 0004 0400     		.2byte	0x4
  62 0006 00000000 		.4byte	.Ldebug_abbrev0
  63 000a 04       		.byte	0x4
  64 000b 01       		.uleb128 0x1
  65 000c C8000000 		.4byte	.LASF16
  66 0010 0C       		.byte	0xc
  67 0011 29000000 		.4byte	.LASF17
  68 0015 35000000 		.4byte	.LASF18
  69 0019 00000000 		.4byte	.Ldebug_ranges0+0
  70 001d 00000000 		.4byte	0
  71 0021 00000000 		.4byte	.Ldebug_line0
  72 0025 02       		.uleb128 0x2
  73 0026 01       		.byte	0x1
  74 0027 06       		.byte	0x6
  75 0028 69010000 		.4byte	.LASF0
  76 002c 02       		.uleb128 0x2
  77 002d 01       		.byte	0x1
  78 002e 08       		.byte	0x8
  79 002f 1B000000 		.4byte	.LASF1
  80 0033 02       		.uleb128 0x2
  81 0034 02       		.byte	0x2
  82 0035 05       		.byte	0x5
  83 0036 81010000 		.4byte	.LASF2
  84 003a 02       		.uleb128 0x2
  85 003b 02       		.byte	0x2
  86 003c 07       		.byte	0x7
  87 003d 56010000 		.4byte	.LASF3
  88 0041 02       		.uleb128 0x2
  89 0042 04       		.byte	0x4
  90 0043 05       		.byte	0x5
ARM GAS  C:\Users\ivddo\AppData\Local\Temp\ccCfI4jk.s 			page 3


  91 0044 B8000000 		.4byte	.LASF4
  92 0048 02       		.uleb128 0x2
  93 0049 04       		.byte	0x4
  94 004a 07       		.byte	0x7
  95 004b 64000000 		.4byte	.LASF5
  96 004f 02       		.uleb128 0x2
  97 0050 08       		.byte	0x8
  98 0051 05       		.byte	0x5
  99 0052 00000000 		.4byte	.LASF6
 100 0056 02       		.uleb128 0x2
 101 0057 08       		.byte	0x8
 102 0058 07       		.byte	0x7
 103 0059 76000000 		.4byte	.LASF7
 104 005d 03       		.uleb128 0x3
 105 005e 04       		.byte	0x4
 106 005f 05       		.byte	0x5
 107 0060 696E7400 		.ascii	"int\000"
 108 0064 02       		.uleb128 0x2
 109 0065 04       		.byte	0x4
 110 0066 07       		.byte	0x7
 111 0067 0E000000 		.4byte	.LASF8
 112 006b 02       		.uleb128 0x2
 113 006c 04       		.byte	0x4
 114 006d 04       		.byte	0x4
 115 006e 92000000 		.4byte	.LASF9
 116 0072 02       		.uleb128 0x2
 117 0073 08       		.byte	0x8
 118 0074 04       		.byte	0x4
 119 0075 C1000000 		.4byte	.LASF10
 120 0079 02       		.uleb128 0x2
 121 007a 01       		.byte	0x1
 122 007b 08       		.byte	0x8
 123 007c B3000000 		.4byte	.LASF11
 124 0080 02       		.uleb128 0x2
 125 0081 04       		.byte	0x4
 126 0082 07       		.byte	0x7
 127 0083 8B010000 		.4byte	.LASF12
 128 0087 02       		.uleb128 0x2
 129 0088 08       		.byte	0x8
 130 0089 04       		.byte	0x4
 131 008a 75010000 		.4byte	.LASF13
 132 008e 04       		.uleb128 0x4
 133 008f 30000000 		.4byte	.LASF19
 134 0093 01       		.byte	0x1
 135 0094 0E       		.byte	0xe
 136 0095 5D000000 		.4byte	0x5d
 137 0099 00000000 		.4byte	.LFB32
 138 009d 0E000000 		.4byte	.LFE32-.LFB32
 139 00a1 01       		.uleb128 0x1
 140 00a2 9C       		.byte	0x9c
 141 00a3 D4000000 		.4byte	0xd4
 142 00a7 05       		.uleb128 0x5
 143 00a8 8D000000 		.4byte	.LASF20
 144 00ac 01       		.byte	0x1
 145 00ad 13       		.byte	0x13
 146 00ae 5D000000 		.4byte	0x5d
 147 00b2 00000000 		.4byte	.LLST0
ARM GAS  C:\Users\ivddo\AppData\Local\Temp\ccCfI4jk.s 			page 4


 148 00b6 06       		.uleb128 0x6
 149 00b7 63757200 		.ascii	"cur\000"
 150 00bb 01       		.byte	0x1
 151 00bc 14       		.byte	0x14
 152 00bd 5D000000 		.4byte	0x5d
 153 00c1 07       		.uleb128 0x7
 154 00c2 08000000 		.4byte	.LVL0
 155 00c6 D4000000 		.4byte	0xd4
 156 00ca 07       		.uleb128 0x7
 157 00cb 0C000000 		.4byte	.LVL1
 158 00cf DF000000 		.4byte	0xdf
 159 00d3 00       		.byte	0
 160 00d4 08       		.uleb128 0x8
 161 00d5 A6000000 		.4byte	.LASF14
 162 00d9 A6000000 		.4byte	.LASF14
 163 00dd 02       		.byte	0x2
 164 00de 32       		.byte	0x32
 165 00df 08       		.uleb128 0x8
 166 00e0 98000000 		.4byte	.LASF15
 167 00e4 98000000 		.4byte	.LASF15
 168 00e8 03       		.byte	0x3
 169 00e9 33       		.byte	0x33
 170 00ea 00       		.byte	0
 171              		.section	.debug_abbrev,"",%progbits
 172              	.Ldebug_abbrev0:
 173 0000 01       		.uleb128 0x1
 174 0001 11       		.uleb128 0x11
 175 0002 01       		.byte	0x1
 176 0003 25       		.uleb128 0x25
 177 0004 0E       		.uleb128 0xe
 178 0005 13       		.uleb128 0x13
 179 0006 0B       		.uleb128 0xb
 180 0007 03       		.uleb128 0x3
 181 0008 0E       		.uleb128 0xe
 182 0009 1B       		.uleb128 0x1b
 183 000a 0E       		.uleb128 0xe
 184 000b 55       		.uleb128 0x55
 185 000c 17       		.uleb128 0x17
 186 000d 11       		.uleb128 0x11
 187 000e 01       		.uleb128 0x1
 188 000f 10       		.uleb128 0x10
 189 0010 17       		.uleb128 0x17
 190 0011 00       		.byte	0
 191 0012 00       		.byte	0
 192 0013 02       		.uleb128 0x2
 193 0014 24       		.uleb128 0x24
 194 0015 00       		.byte	0
 195 0016 0B       		.uleb128 0xb
 196 0017 0B       		.uleb128 0xb
 197 0018 3E       		.uleb128 0x3e
 198 0019 0B       		.uleb128 0xb
 199 001a 03       		.uleb128 0x3
 200 001b 0E       		.uleb128 0xe
 201 001c 00       		.byte	0
 202 001d 00       		.byte	0
 203 001e 03       		.uleb128 0x3
 204 001f 24       		.uleb128 0x24
ARM GAS  C:\Users\ivddo\AppData\Local\Temp\ccCfI4jk.s 			page 5


 205 0020 00       		.byte	0
 206 0021 0B       		.uleb128 0xb
 207 0022 0B       		.uleb128 0xb
 208 0023 3E       		.uleb128 0x3e
 209 0024 0B       		.uleb128 0xb
 210 0025 03       		.uleb128 0x3
 211 0026 08       		.uleb128 0x8
 212 0027 00       		.byte	0
 213 0028 00       		.byte	0
 214 0029 04       		.uleb128 0x4
 215 002a 2E       		.uleb128 0x2e
 216 002b 01       		.byte	0x1
 217 002c 3F       		.uleb128 0x3f
 218 002d 19       		.uleb128 0x19
 219 002e 03       		.uleb128 0x3
 220 002f 0E       		.uleb128 0xe
 221 0030 3A       		.uleb128 0x3a
 222 0031 0B       		.uleb128 0xb
 223 0032 3B       		.uleb128 0x3b
 224 0033 0B       		.uleb128 0xb
 225 0034 27       		.uleb128 0x27
 226 0035 19       		.uleb128 0x19
 227 0036 49       		.uleb128 0x49
 228 0037 13       		.uleb128 0x13
 229 0038 8701     		.uleb128 0x87
 230 003a 19       		.uleb128 0x19
 231 003b 11       		.uleb128 0x11
 232 003c 01       		.uleb128 0x1
 233 003d 12       		.uleb128 0x12
 234 003e 06       		.uleb128 0x6
 235 003f 40       		.uleb128 0x40
 236 0040 18       		.uleb128 0x18
 237 0041 9742     		.uleb128 0x2117
 238 0043 19       		.uleb128 0x19
 239 0044 01       		.uleb128 0x1
 240 0045 13       		.uleb128 0x13
 241 0046 00       		.byte	0
 242 0047 00       		.byte	0
 243 0048 05       		.uleb128 0x5
 244 0049 34       		.uleb128 0x34
 245 004a 00       		.byte	0
 246 004b 03       		.uleb128 0x3
 247 004c 0E       		.uleb128 0xe
 248 004d 3A       		.uleb128 0x3a
 249 004e 0B       		.uleb128 0xb
 250 004f 3B       		.uleb128 0x3b
 251 0050 0B       		.uleb128 0xb
 252 0051 49       		.uleb128 0x49
 253 0052 13       		.uleb128 0x13
 254 0053 02       		.uleb128 0x2
 255 0054 17       		.uleb128 0x17
 256 0055 00       		.byte	0
 257 0056 00       		.byte	0
 258 0057 06       		.uleb128 0x6
 259 0058 34       		.uleb128 0x34
 260 0059 00       		.byte	0
 261 005a 03       		.uleb128 0x3
ARM GAS  C:\Users\ivddo\AppData\Local\Temp\ccCfI4jk.s 			page 6


 262 005b 08       		.uleb128 0x8
 263 005c 3A       		.uleb128 0x3a
 264 005d 0B       		.uleb128 0xb
 265 005e 3B       		.uleb128 0x3b
 266 005f 0B       		.uleb128 0xb
 267 0060 49       		.uleb128 0x49
 268 0061 13       		.uleb128 0x13
 269 0062 00       		.byte	0
 270 0063 00       		.byte	0
 271 0064 07       		.uleb128 0x7
 272 0065 898201   		.uleb128 0x4109
 273 0068 00       		.byte	0
 274 0069 11       		.uleb128 0x11
 275 006a 01       		.uleb128 0x1
 276 006b 31       		.uleb128 0x31
 277 006c 13       		.uleb128 0x13
 278 006d 00       		.byte	0
 279 006e 00       		.byte	0
 280 006f 08       		.uleb128 0x8
 281 0070 2E       		.uleb128 0x2e
 282 0071 00       		.byte	0
 283 0072 3F       		.uleb128 0x3f
 284 0073 19       		.uleb128 0x19
 285 0074 3C       		.uleb128 0x3c
 286 0075 19       		.uleb128 0x19
 287 0076 6E       		.uleb128 0x6e
 288 0077 0E       		.uleb128 0xe
 289 0078 03       		.uleb128 0x3
 290 0079 0E       		.uleb128 0xe
 291 007a 3A       		.uleb128 0x3a
 292 007b 0B       		.uleb128 0xb
 293 007c 3B       		.uleb128 0x3b
 294 007d 0B       		.uleb128 0xb
 295 007e 00       		.byte	0
 296 007f 00       		.byte	0
 297 0080 00       		.byte	0
 298              		.section	.debug_loc,"",%progbits
 299              	.Ldebug_loc0:
 300              	.LLST0:
 301 0000 08000000 		.4byte	.LVL0
 302 0004 0B000000 		.4byte	.LVL1-1
 303 0008 0600     		.2byte	0x6
 304 000a 70       		.byte	0x70
 305 000b 00       		.sleb128 0
 306 000c 08       		.byte	0x8
 307 000d FF       		.byte	0xff
 308 000e 1A       		.byte	0x1a
 309 000f 9F       		.byte	0x9f
 310 0010 00000000 		.4byte	0
 311 0014 00000000 		.4byte	0
 312              		.section	.debug_aranges,"",%progbits
 313 0000 1C000000 		.4byte	0x1c
 314 0004 0200     		.2byte	0x2
 315 0006 00000000 		.4byte	.Ldebug_info0
 316 000a 04       		.byte	0x4
 317 000b 00       		.byte	0
 318 000c 0000     		.2byte	0
ARM GAS  C:\Users\ivddo\AppData\Local\Temp\ccCfI4jk.s 			page 7


 319 000e 0000     		.2byte	0
 320 0010 00000000 		.4byte	.LFB32
 321 0014 0E000000 		.4byte	.LFE32-.LFB32
 322 0018 00000000 		.4byte	0
 323 001c 00000000 		.4byte	0
 324              		.section	.debug_ranges,"",%progbits
 325              	.Ldebug_ranges0:
 326 0000 00000000 		.4byte	.LFB32
 327 0004 0E000000 		.4byte	.LFE32
 328 0008 00000000 		.4byte	0
 329 000c 00000000 		.4byte	0
 330              		.section	.debug_line,"",%progbits
 331              	.Ldebug_line0:
 332 0000 6E000000 		.section	.debug_str,"MS",%progbits,1
 332      02004E00 
 332      00000201 
 332      FB0E0D00 
 332      01010101 
 333              	.LASF6:
 334 0000 6C6F6E67 		.ascii	"long long int\000"
 334      206C6F6E 
 334      6720696E 
 334      7400
 335              	.LASF8:
 336 000e 756E7369 		.ascii	"unsigned int\000"
 336      676E6564 
 336      20696E74 
 336      00
 337              	.LASF1:
 338 001b 756E7369 		.ascii	"unsigned char\000"
 338      676E6564 
 338      20636861 
 338      7200
 339              	.LASF17:
 340 0029 6D61696E 		.ascii	"main.c\000"
 340      2E6300
 341              	.LASF19:
 342 0030 6D61696E 		.ascii	"main\000"
 342      00
 343              	.LASF18:
 344 0035 433A5C55 		.ascii	"C:\\Users\\ivddo\\OneDrive\\dcmotor\\Design04.cydsn"
 344      73657273 
 344      5C697664 
 344      646F5C4F 
 344      6E654472 
 345 0063 00       		.ascii	"\000"
 346              	.LASF5:
 347 0064 6C6F6E67 		.ascii	"long unsigned int\000"
 347      20756E73 
 347      69676E65 
 347      6420696E 
 347      7400
 348              	.LASF7:
 349 0076 6C6F6E67 		.ascii	"long long unsigned int\000"
 349      206C6F6E 
 349      6720756E 
 349      7369676E 
ARM GAS  C:\Users\ivddo\AppData\Local\Temp\ccCfI4jk.s 			page 8


 349      65642069 
 350              	.LASF20:
 351 008d 73746174 		.ascii	"stat\000"
 351      00
 352              	.LASF9:
 353 0092 666C6F61 		.ascii	"float\000"
 353      7400
 354              	.LASF15:
 355 0098 50696E5F 		.ascii	"Pin_Red_Write\000"
 355      5265645F 
 355      57726974 
 355      6500
 356              	.LASF14:
 357 00a6 50696E5F 		.ascii	"Pin_SW2_Read\000"
 357      5357325F 
 357      52656164 
 357      00
 358              	.LASF11:
 359 00b3 63686172 		.ascii	"char\000"
 359      00
 360              	.LASF4:
 361 00b8 6C6F6E67 		.ascii	"long int\000"
 361      20696E74 
 361      00
 362              	.LASF10:
 363 00c1 646F7562 		.ascii	"double\000"
 363      6C6500
 364              	.LASF16:
 365 00c8 474E5520 		.ascii	"GNU C11 5.4.1 20160609 (release) [ARM/embedded-5-br"
 365      43313120 
 365      352E342E 
 365      31203230 
 365      31363036 
 366 00fb 616E6368 		.ascii	"anch revision 237715] -mcpu=cortex-m0 -mthumb -g -O"
 366      20726576 
 366      6973696F 
 366      6E203233 
 366      37373135 
 367 012e 67202D66 		.ascii	"g -ffunction-sections -ffat-lto-objects\000"
 367      66756E63 
 367      74696F6E 
 367      2D736563 
 367      74696F6E 
 368              	.LASF3:
 369 0156 73686F72 		.ascii	"short unsigned int\000"
 369      7420756E 
 369      7369676E 
 369      65642069 
 369      6E7400
 370              	.LASF0:
 371 0169 7369676E 		.ascii	"signed char\000"
 371      65642063 
 371      68617200 
 372              	.LASF13:
 373 0175 6C6F6E67 		.ascii	"long double\000"
 373      20646F75 
 373      626C6500 
ARM GAS  C:\Users\ivddo\AppData\Local\Temp\ccCfI4jk.s 			page 9


 374              	.LASF2:
 375 0181 73686F72 		.ascii	"short int\000"
 375      7420696E 
 375      7400
 376              	.LASF12:
 377 018b 73697A65 		.ascii	"sizetype\000"
 377      74797065 
 377      00
 378              		.ident	"GCC: (GNU Tools for ARM Embedded Processors) 5.4.1 20160609 (release) [ARM/embedded-5-bran
